<?xml version="1.0" encoding="UTF-8"?>
<testsuites>
	<testsuite errors="0" failures="3" file=".py" name="InterfaceTest-20190623113909" skipped="0" tests="5" time="6.892" timestamp="2019-06-23T11:39:16">
		<testcase classname="InterfaceTest" file="testtask_app\extend\run_task.py" line="21" name="test_run_cases_00002_10" time="1.414" timestamp="2019-06-23T11:39:12">
			<system-out>
<![CDATA[]]>			</system-out>
			<system-err>
<![CDATA[]]>			</system-err>
		</testcase>
		<testcase classname="InterfaceTest" file="testtask_app\extend\run_task.py" line="21" name="test_run_cases_00003_1" time="0.723" timestamp="2019-06-23T11:39:12">
			<system-out>
<![CDATA[]]>			</system-out>
			<system-err>
<![CDATA[]]>			</system-err>
		</testcase>
		<testcase classname="InterfaceTest" file="testtask_app\extend\run_task.py" line="21" name="test_run_cases_00001_3" time="0.741" timestamp="2019-06-23T11:39:10">
			<failure message="'113.89.239.241' not found in '{\n  &quot;args&quot;: {}, \n  &quot;data&quot;: &quot;&quot;, \n  &quot;files&quot;: {}, \n  &quot;form&quot;: {\n    &quot;key&quot;: &quot;value&quot;\n  }, \n  &quot;headers&quot;: {\n    &quot;Accept&quot;: &quot;*/*&quot;, \n    &quot;Accept-Encoding&quot;: &quot;gzip, deflate&quot;, \n    &quot;Content-Length&quot;: &quot;9&quot;, \n    &quot;Content-Type&quot;: &quot;application/x-www-form-urlencoded&quot;, \n    &quot;Host&quot;: &quot;httpbin.org&quot;, \n    &quot;User-Agent&quot;: &quot;python-requests/2.22.0&quot;\n  }, \n  &quot;json&quot;: null, \n  &quot;origin&quot;: &quot;120.84.9.244, 120.84.9.244&quot;, \n  &quot;url&quot;: &quot;https://httpbin.org/post&quot;\n}\n'" type="AssertionError">
<![CDATA[Traceback (most recent call last):
  File "C:\Python37\lib\site-packages\ddt.py", line 145, in wrapper
    return func(self, *args, **kwargs)
  File "D:/class_dev/test_dev02/test_platform/testtask_app/extend/run_task.py", line 47, in test_run_cases
    self.assertIn(assert_text, r.text)
AssertionError: '113.89.239.241' not found in '{\n  "args": {}, \n  "data": "", \n  "files": {}, \n  "form": {\n    "key": "value"\n  }, \n  "headers": {\n    "Accept": "*/*", \n    "Accept-Encoding": "gzip, deflate", \n    "Content-Length": "9", \n    "Content-Type": "application/x-www-form-urlencoded", \n    "Host": "httpbin.org", \n    "User-Agent": "python-requests/2.22.0"\n  }, \n  "json": null, \n  "origin": "120.84.9.244, 120.84.9.244", \n  "url": "https://httpbin.org/post"\n}\n'
]]>			</failure>
			<system-out>
<![CDATA[]]>			</system-out>
			<system-err>
<![CDATA[]]>			</system-err>
		</testcase>
		<testcase classname="InterfaceTest" file="testtask_app\extend\run_task.py" line="21" name="test_run_cases_00004_6" time="1.806" timestamp="2019-06-23T11:39:14">
			<failure message="'25550486' not found in '[{&quot;id&quot;:&quot;9874664921&quot;,&quot;type&quot;:&quot;IssuesEvent&quot;,&quot;actor&quot;:{&quot;id&quot;:52118243,&quot;login&quot;:&quot;V2Blast&quot;,&quot;display_login&quot;:&quot;V2Blast&quot;,&quot;gravatar_id&quot;:&quot;&quot;,&quot;url&quot;:&quot;https://api.github.com/users/V2Blast&quot;,&quot;avatar_url&quot;:&quot;https://avatars.githubusercontent.com/u/52118243?&quot;},&quot;repo&quot;:{&quot;id&quot;:164234707,&quot;name&quot;:&quot;AshleyMoni/Lancer-Community-Edition&quot;,&quot;url&quot;:&quot;https://api.github.com/repos/AshleyMoni/Lancer-Community-Edition&quot;},&quot;payload&quot;:{&quot;action&quot;:&quot;opened&quot;,&quot;issue&quot;:{&quot;url&quot;:&quot;https://api.github.com/repos/AshleyMoni/Lancer-Community-Edition/issues/276&quot;,&quot;repository_url&quot;:&quot;https://api.github.com/repos/AshleyMoni/Lancer-Community-Edition&quot;,&quot;labels_url&quot;:&quot;https://api.github.com/repos/AshleyMoni/Lancer-Community-Edition/issues/276/labels{/name}&quot;,&quot;comments_url&quot;:&quot;https://api.github.com/repos/AshleyMoni/Lancer-Community-Edition/issues/276/comments&quot;,&quot;events_url&quot;:&quot;https://api.github.com/repos/AshleyMoni/Lancer-Community-Edition/issues/276/events&quot;,&quot;html_url&quot;:&quot;https://github.com/AshleyMoni/Lancer-Community-Edition/issues/276&quot;,&quot;id&quot;:459532479,&quot;node_id&quot;:&quot;MDU6SXNzdWU0NTk1MzI0Nzk=&quot;,&quot;number&quot;:276,&quot;title&quot;:&quot;[Typo] \\&quot;succesfully\\&quot; should be \\&quot;successfully\\&quot;&quot;,&quot;user&quot;:{&quot;login&quot;:&quot;V2Blast&quot;,&quot;id&quot;:52118243,&quot;node_id&quot;:&quot;MDQ6VXNlcjUyMTE4MjQz&quot;,&quot;avatar_url&quot;:&quot;https://avatars2.githubusercontent.com/u/52118243?v=4&quot;,&quot;gravatar_id&quot;:&quot;&quot;,&quot;url&quot;:&quot;https://api.github.com/users/V2Blast&quot;,&quot;html_url&quot;:&quot;https://github.com/V2Blast&quot;,&quot;followers_url&quot;:&quot;https://api.github.com/users/V2Blast/followers&quot;,&quot;following_url&quot;:&quot;https://api.github.com/users/V2Blast/following{/other_user}&quot;,&quot;gists_url&quot;:&quot;https://api.github.com/users/V2Blast/gists{/gist_id}&quot;,&quot;starred_url&quot;:&quot;https://api.github.com/users/V2Blast/starred{/owner}{/repo}&quot;,&quot;subscriptions_url&quot;:&quot;https://api.github.com/users/V2Blast/subscriptions&quot;,&quot;organizations_url&quot;:&quot;https://api.github.com/users/V2Blast/orgs&quot;,&quot;repos_url&quot;:&quot;https://api.github.com/users/V2Blast/repos&quot;,&quot;events_url&quot;:&quot;https://api.github.com/users/V2Blast/events{/privacy}&quot;,&quot;received_events_url&quot;:&quot;https://api.github.com/users/V2Blast/received_events&quot;,&quot;type&quot;:&quot;User&quot;,&quot;site_admin&quot;:false},&quot;labels&quot;:[],&quot;state&quot;:&quot;open&quot;,&quot;locked&quot;:false,&quot;assignee&quot;:null,&quot;assignees&quot;:[],&quot;milestone&quot;:null,&quot;comments&quot;:0,&quot;created_at&quot;:&quot;2019-06-23T03:34:13Z&quot;,&quot;updated_at&quot;:&quot;2019-06-23T03:34:13Z&quot;,&quot;closed_at&quot;:null,&quot;author_association&quot;:&quot;NONE&quot;,&quot;body&quot;:&quot;**The Problem:**\\r\\nThe 3rd bullet point under \\&quot;Stakes\\&quot; reads (emphasis mine): \\&quot;Will the players **succesfully** escort the Union DoJ/HR Salvation convoy through the raider-plagued Shatir Reef, or will the humanitarian convoy be torn to pieces like so many others?\\&quot;\\r\\n\\r\\n**The Solution:**\\r\\nIt should read (emphasis mine): \\&quot;Will the players **successfully** escort the Union DoJ/HR Salvation convoy through the raider-plagued Shatir Reef, or will the humanitarian convoy be torn to pieces like so many others?\\&quot;\\r\\n\\r\\n**The Location:**\\r\\np. 64, 3rd bullet point\\r\\n&quot;}},&quot;public&quot;:true,&quot;created_at&quot;:&quot;2019-06-23T03:34:13Z&quot;},{&quot;id&quot;:&quot;9874664919&quot;,&quot;type&quot;:&quot;PushEvent&quot;,&quot;actor&quot;:{&quot;id&quot;:49375244,&quot;login&quot;:&quot;pariscornett&quot;,&quot;display_login&quot;:&quot;pariscornett&quot;,&quot;gravatar_id&quot;:&quot;&quot;,&quot;url&quot;:&quot;https://api.github.com/users/pariscornett&quot;,&quot;avatar_url&quot;:&quot;https://avatars.githubusercontent.com/u/49375244?&quot;},&quot;repo&quot;:{&quot;id&quot;:193289704,&quot;name&quot;:&quot;pariscornett/Tip-Calculator&quot;,&quot;url&quot;:&quot;https://api.github.com/repos/pariscornett/Tip-Calculator&quot;},&quot;payload&quot;:{&quot;push_id&quot;:3742885547,&quot;size&quot;:1,&quot;distinct_size&quot;:1,&quot;ref&quot;:&quot;refs/heads/master&quot;,&quot;head&quot;:&quot;b0e2c8a37479a55fa6f523924ecf8cd8f169ea31&quot;,&quot;before&quot;:&quot;b93421b785f65df191340f3443f64f8124421edf&quot;,&quot;commits&quot;:[{&quot;sha&quot;:&quot;b0e2c8a37479a55fa6f523924ecf8cd8f169ea31&quot;,&quot;author&quot;:{&quot;email&quot;:&quot;pariscornett@gmail.com&quot;,&quot;name&quot;:&quot;Paris Cornett&quot;},&quot;message&quot;:&quot;added code to empty form upon clicking submit :matrix:&quot;,&quot;distinct&quot;:true,&quot;url&quot;:&quot;https://api.github.com/repos/pariscornett/Tip-Calculator/commits/b0e2c8a37479a55fa6f523924ecf8cd8f169ea31&quot;}]},&quot;public&quot;:true,&quot;created_at&quot;:&quot;2019-06-23T03:34:13Z&quot;},{&quot;id&quot;:&quot;9874664913&quot;,&quot;type&quot;:&quot;CreateEvent&quot;,&quot;actor&quot;:{&quot;id&quot;:94559,&quot;login&quot;:&quot;ellisgl&quot;,&quot;display_login&quot;:&quot;ellisgl&quot;,&quot;gravatar_id&quot;:&quot;&quot;,&quot;url&quot;:&quot;https://api.github.com/users/ellisgl&quot;,&quot;avatar_url&quot;:&quot;https://avatars.githubusercontent.com/u/94559?&quot;},&quot;repo&quot;:{&quot;id&quot;:111272104,&quot;name&quot;:&quot;ellisgl/GeekLab-GLPDO2&quot;,&quot;url&quot;:&quot;https://api.github.com/repos/ellisgl/GeekLab-GLPDO2&quot;},&quot;payload&quot;:{&quot;ref&quot;:&quot;2.0.2&quot;,&quot;ref_type&quot;:&quot;tag&quot;,&quot;master_branch&quot;:&quot;master&quot;,&quot;description&quot;:&quot;PHP &gt;= 7.2 PDO Wrapper for Easy and Proper Bindings.&quot;,&quot;pusher_type&quot;:&quot;user&quot;},&quot;public&quot;:true,&quot;created_at&quot;:&quot;2019-06-23T03:34:13Z&quot;},{&quot;id&quot;:&quot;9874664910&quot;,&quot;type&quot;:&quot;IssueCommentEvent&quot;,&quot;actor&quot;:{&quot;id&quot;:52118709,&quot;login&quot;:&quot;kev005&quot;,&quot;display_login&quot;:&quot;kev005&quot;,&quot;gravatar_id&quot;:&quot;&quot;,&quot;url&quot;:&quot;https://api.github.com/users/kev005&quot;,&quot;avatar_url&quot;:&quot;https://avatars.githubusercontent.com/u/52118709?&quot;},&quot;repo&quot;:{&quot;id&quot;:178380852,&quot;name&quot;:&quot;flathub/com.unity.UnityHub&quot;,&quot;url&quot;:&quot;https://api.github.com/repos/flathub/com.unity.UnityHub&quot;},&quot;payload&quot;:{&quot;action&quot;:&quot;created&quot;,&quot;issue&quot;:{&quot;url&quot;:&quot;https://api.github.com/repos/flathub/com.unity.UnityHub/issues/6&quot;,&quot;repository_url&quot;:&quot;https://api.github.com/repos/flathub/com.unity.UnityHub&quot;,&quot;labels_url&quot;:&quot;https://api.github.com/repos/flathub/com.unity.UnityHub/issues/6/labels{/name}&quot;,&quot;comments_url&quot;:&quot;https://api.github.com/repos/flathub/com.unity.UnityHub/issues/6/comments&quot;,&quot;events_url&quot;:&quot;https://api.github.com/repos/flathub/com.unity.UnityHub/issues/6/events&quot;,&quot;html_url&quot;:&quot;https://github.com/flathub/com.unity.UnityHub/issues/6&quot;,&quot;id&quot;:443741713,&quot;node_id&quot;:&quot;MDU6SXNzdWU0NDM3NDE3MTM=&quot;,&quot;number&quot;:6,&quot;title&quot;:&quot;Wrong size for extra data error&quot;,&quot;user&quot;:{&quot;login&quot;:&quot;brogan89&quot;,&quot;id&quot;:8637789,&quot;node_id&quot;:&quot;MDQ6VXNlcjg2Mzc3ODk=&quot;,&quot;avatar_url&quot;:&quot;https://avatars3.githubusercontent.com/u/8637789?v=4&quot;,&quot;gravatar_id&quot;:&quot;&quot;,&quot;url&quot;:&quot;https://api.github.com/users/brogan89&quot;,&quot;html_url&quot;:&quot;https://github.com/brogan89&quot;,&quot;followers_url&quot;:&quot;https://api.github.com/users/brogan89/followers&quot;,&quot;following_url&quot;:&quot;https://api.github.com/users/brogan89/following{/other_user}&quot;,&quot;gists_url&quot;:&quot;https://api.github.com/users/brogan89/gists{/gist_id}&quot;,&quot;starred_url&quot;:&quot;https://api.github.com/users/brogan89/starred{/owner}{/repo}&quot;,&quot;subscriptions_url&quot;:&quot;https://api.github.com/users/brogan89/subscriptions&quot;,&quot;organizations_url&quot;:&quot;https://api.github.com/users/brogan89/orgs&quot;,&quot;repos_url&quot;:&quot;https://api.github.com/users/brogan89/repos&quot;,&quot;events_url&quot;:&quot;https://api.github.com/users/brogan89/events{/privacy}&quot;,&quot;received_events_url&quot;:&quot;https://api.github.com/users/brogan89/received_events&quot;,&quot;type&quot;:&quot;User&quot;,&quot;site_admin&quot;:false},&quot;labels&quot;:[],&quot;state&quot;:&quot;closed&quot;,&quot;locked&quot;:false,&quot;assignee&quot;:null,&quot;assignees&quot;:[],&quot;milestone&quot;:null,&quot;comments&quot;:4,&quot;created_at&quot;:&quot;2019-05-14T06:57:29Z&quot;,&quot;updated_at&quot;:&quot;2019-06-23T03:34:13Z&quot;,&quot;closed_at&quot;:&quot;2019-05-15T22:42:34Z&quot;,&quot;author_association&quot;:&quot;NONE&quot;,&quot;body&quot;:&quot;when trying to install im getting \\&quot;Error: Failed to install com.unity.UnityHub/x86_64/stable: Wrong size for extra data https://public-cdn.cloud.unity3d.com/hub/prod/UnityHubSetup.AppImage\\&quot;&quot;},&quot;comment&quot;:{&quot;url&quot;:&quot;https://api.github.com/repos/flathub/com.unity.UnityHub/issues/comments/504716578&quot;,&quot;html_url&quot;:&quot;https://github.com/flathub/com.unity.UnityHub/issues/6#issuecomment-504716578&quot;,&quot;issue_url&quot;:&quot;https://api.github.com/repos/flathub/com.unity.UnityHub/issues/6&quot;,&quot;id&quot;:504716578,&quot;node_id&quot;:&quot;MDEyOklzc3VlQ29tbWVudDUwNDcxNjU3OA==&quot;,&quot;user&quot;:{&quot;login&quot;:&quot;kev005&quot;,&quot;id&quot;:52118709,&quot;node_id&quot;:&quot;MDQ6VXNlcjUyMTE4NzA5&quot;,&quot;avatar_url&quot;:&quot;https://avatars2.githubusercontent.com/u/52118709?v=4&quot;,&quot;gravatar_id&quot;:&quot;&quot;,&quot;url&quot;:&quot;https://api.github.com/users/kev005&quot;,&quot;html_url&quot;:&quot;https://github.com/kev005&quot;,&quot;followers_url&quot;:&quot;https://api.github.com/users/kev005/followers&quot;,&quot;following_url&quot;:&quot;https://api.github.com/users/kev005/following{/other_user}&quot;,&quot;gists_url&quot;:&quot;https://api.github.com/users/kev005/gists{/gist_id}&quot;,&quot;starred_url&quot;:&quot;https://api.github.com/users/kev005/starred{/owner}{/repo}&quot;,&quot;subscriptions_url&quot;:&quot;https://api.github.com/users/kev005/subscriptions&quot;,&quot;organizations_url&quot;:&quot;https://api.github.com/users/kev005/orgs&quot;,&quot;repos_url&quot;:&quot;https://api.github.com/users/kev005/repos&quot;,&quot;events_url&quot;:&quot;https://api.github.com/users/kev005/events{/privacy}&quot;,&quot;received_events_url&quot;:&quot;https://api.github.com/users/kev005/received_events&quot;,&quot;type&quot;:&quot;User&quot;,&quot;site_admin&quot;:false},&quot;created_at&quot;:&quot;2019-06-23T03:34:13Z&quot;,&quot;updated_at&quot;:&quot;2019-06-23T03:34:13Z&quot;,&quot;author_association&quot;:&quot;NONE&quot;,&quot;body&quot;:&quot;As of June 22, the failure is back for UnityHub 2.0.1 flatpak:\\r\\n\\r\\n$ flatpak install flathub com.unity.UnityHub\\r\\nInstalling in system:\\r\\ncom.unity.UnityHub/x86_64/stable                  flathub 1624cc7b5bef\\r\\n  permissions: ipc, network, pulseaudio, x11, dri, multiarch\\r\\n  file access: host\\r\\n  dbus access: org.freedesktop.Flatpak, org.gnome.Software\\r\\n  tags: proprietary\\r\\norg.freedesktop.Platform.Compat.i386/x86_64/18.08 flathub fb16d111c6b5\\r\\nIs this ok [y/n]: y\\r\\nInstalling: com.unity.UnityHub/x86_64/stable from flathub\\r\\n[####################] Downloading files: 1/1 58.1 MB (3.1 MB/s)         \\r\\nerror: Failed to install com.unity.UnityHub/x86_64/stable: Wrong size for extra data https://public-cdn.cloud.unity3d.com/hub/prod/UnityHubSetup.AppImage\\r\\n&quot;}},&quot;public&quot;:true,&quot;created_at&quot;:&quot;2019-06-23T03:34:13Z&quot;,&quot;org&quot;:{&quot;id&quot;:27268838,&quot;login&quot;:&quot;flathub&quot;,&quot;gravatar_id&quot;:&quot;&quot;,&quot;url&quot;:&quot;https://api.github.com/orgs/flathub&quot;,&quot;avatar_url&quot;:&quot;https://avatars.githubusercontent.com/u/27268838?&quot;}},{&quot;id&quot;:&quot;9874664909&quot;,&quot;type&quot;:&quot;PushEvent&quot;,&quot;actor&quot;:{&quot;id&quot;:94559,&quot;login&quot;:&quot;ellisgl&quot;,&quot;display_login&quot;:&quot;ellisgl&quot;,&quot;gravatar_id&quot;:&quot;&quot;,&quot;url&quot;:&quot;https://api.github.com/users/ellisgl&quot;,&quot;avatar_url&quot;:&quot;https://avatars.githubusercontent.com/u/94559?&quot;},&quot;repo&quot;:{&quot;id&quot;:111272104,&quot;name&quot;:&quot;ellisgl/GeekLab-GLPDO2&quot;,&quot;url&quot;:&quot;https://api.github.com/repos/ellisgl/GeekLab-GLPDO2&quot;},&quot;payload&quot;:{&quot;push_id&quot;:3742885542,&quot;size&quot;:1,&quot;distinct_size&quot;:1,&quot;ref&quot;:&quot;refs/heads/master&quot;,&quot;head&quot;:&quot;fea11980d37197e8ec871617e955a841c3334aaf&quot;,&quot;before&quot;:&quot;5208b825f4f82bdf32df55b71aad10f51521a172&quot;,&quot;commits&quot;:[{&quot;sha&quot;:&quot;fea11980d37197e8ec871617e955a841c3334aaf&quot;,&quot;author&quot;:{&quot;email&quot;:&quot;xelliss@gmail.com&quot;,&quot;name&quot;:&quot;ellisgl&quot;},&quot;message&quot;:&quot;Version bump.&quot;,&quot;distinct&quot;:true,&quot;url&quot;:&quot;https://api.github.com/repos/ellisgl/GeekLab-GLPDO2/commits/fea11980d37197e8ec871617e955a841c3334aaf&quot;}]},&quot;public&quot;:true,&quot;created_at&quot;:&quot;2019-06-23T03:34:13Z&quot;},{&quot;id&quot;:&quot;9874664907&quot;,&quot;type&quot;:&quot;PushEvent&quot;,&quot;actor&quot;:{&quot;id&quot;:24703459,&quot;login&quot;:&quot;TDHTTTT&quot;,&quot;display_login&quot;:&quot;TDHTTTT&quot;,&quot;gravatar_id&quot;:&quot;&quot;,&quot;url&quot;:&quot;https://api.github.com/users/TDHTTTT&quot;,&quot;avatar_url&quot;:&quot;https://avatars.githubusercontent.com/u/24703459?&quot;},&quot;repo&quot;:{&quot;id&quot;:193196723,&quot;name&quot;:&quot;TDHTTTT/keiraz.com&quot;,&quot;url&quot;:&quot;https://api.github.com/repos/TDHTTTT/keiraz.com&quot;},&quot;payload&quot;:{&quot;push_id&quot;:3742885543,&quot;size&quot;:1,&quot;distinct_size&quot;:1,&quot;ref&quot;:&quot;refs/heads/master&quot;,&quot;head&quot;:&quot;6dfcc774841c8d75b07100e13ebafa62961bacaa&quot;,&quot;before&quot;:&quot;ac601d6fa2ec8f46d0258e1e2acf9e8687ab345c&quot;,&quot;commits&quot;:[{&quot;sha&quot;:&quot;6dfcc774841c8d75b07100e13ebafa62961bacaa&quot;,&quot;author&quot;:{&quot;email&quot;:&quot;tdhttt@hotmail.com&quot;,&quot;name&quot;:&quot;TDHTTTT&quot;},&quot;message&quot;:&quot;font weight update&quot;,&quot;distinct&quot;:true,&quot;url&quot;:&quot;https://api.github.com/repos/TDHTTTT/keiraz.com/commits/6dfcc774841c8d75b07100e13ebafa62961bacaa&quot;}]},&quot;public&quot;:true,&quot;created_at&quot;:&quot;2019-06-23T03:34:13Z&quot;},{&quot;id&quot;:&quot;9874664906&quot;,&quot;type&quot;:&quot;PushEvent&quot;,&quot;actor&quot;:{&quot;id&quot;:50639475,&quot;login&quot;:&quot;cryptobigbro&quot;,&quot;display_login&quot;:&quot;cryptobigbro&quot;,&quot;gravatar_id&quot;:&quot;&quot;,&quot;url&quot;:&quot;https://api.github.com/users/cryptobigbro&quot;,&quot;avatar_url&quot;:&quot;https://avatars.githubusercontent.com/u/50639475?&quot;},&quot;repo&quot;:{&quot;id&quot;:188757731,&quot;name&quot;:&quot;cryptobigbro/binance-HOTBTC&quot;,&quot;url&quot;:&quot;https://api.github.com/repos/cryptobigbro/binance-HOTBTC&quot;},&quot;payload&quot;:{&quot;push_id&quot;:3742885541,&quot;size&quot;:1,&quot;distinct_size&quot;:1,&quot;ref&quot;:&quot;refs/heads/master&quot;,&quot;head&quot;:&quot;97d16fa4705fd1a035d11b693ff59467d69d9409&quot;,&quot;before&quot;:&quot;270b9a72926289b5937d617af2fd611cad44d45e&quot;,&quot;commits&quot;:[{&quot;sha&quot;:&quot;97d16fa4705fd1a035d11b693ff59467d69d9409&quot;,&quot;author&quot;:{&quot;email&quot;:&quot;cryptobigbro@gmail.com&quot;,&quot;name&quot;:&quot;cryptobigbro&quot;},&quot;message&quot;:&quot;Update OHLCV data.&quot;,&quot;distinct&quot;:true,&quot;url&quot;:&quot;https://api.github.com/repos/cryptobigbro/binance-HOTBTC/commits/97d16fa4705fd1a035d11b693ff59467d69d9409&quot;}]},&quot;public&quot;:true,&quot;created_at&quot;:&quot;2019-06-23T03:34:13Z&quot;},{&quot;id&quot;:&quot;9874664908&quot;,&quot;type&quot;:&quot;ForkEvent&quot;,&quot;actor&quot;:{&quot;id&quot;:9262361,&quot;login&quot;:&quot;SudSharma&quot;,&quot;display_login&quot;:&quot;SudSharma&quot;,&quot;gravatar_id&quot;:&quot;&quot;,&quot;url&quot;:&quot;https://api.github.com/users/SudSharma&quot;,&quot;avatar_url&quot;:&quot;https://avatars.githubusercontent.com/u/9262361?&quot;},&quot;repo&quot;:{&quot;id&quot;:1699117,&quot;name&quot;:&quot;ajasmin/camstudio-mousedown-highlight&quot;,&quot;url&quot;:&quot;https://api.github.com/repos/ajasmin/camstudio-mousedown-highlight&quot;},&quot;payload&quot;:{&quot;forkee&quot;:{&quot;id&quot;:193302528,&quot;node_id&quot;:&quot;MDEwOlJlcG9zaXRvcnkxOTMzMDI1Mjg=&quot;,&quot;name&quot;:&quot;camstudio-mousedown-highlight&quot;,&quot;full_name&quot;:&quot;SudSharma/camstudio-mousedown-highlight&quot;,&quot;private&quot;:false,&quot;owner&quot;:{&quot;login&quot;:&quot;SudSharma&quot;,&quot;id&quot;:9262361,&quot;node_id&quot;:&quot;MDQ6VXNlcjkyNjIzNjE=&quot;,&quot;avatar_url&quot;:&quot;https://avatars0.githubusercontent.com/u/9262361?v=4&quot;,&quot;gravatar_id&quot;:&quot;&quot;,&quot;url&quot;:&quot;https://api.github.com/users/SudSharma&quot;,&quot;html_url&quot;:&quot;https://github.com/SudSharma&quot;,&quot;followers_url&quot;:&quot;https://api.github.com/users/SudSharma/followers&quot;,&quot;following_url&quot;:&quot;https://api.github.com/users/SudSharma/following{/other_user}&quot;,&quot;gists_url&quot;:&quot;https://api.github.com/users/SudSharma/gists{/gist_id}&quot;,&quot;starred_url&quot;:&quot;https://api.github.com/users/SudSharma/starred{/owner}{/repo}&quot;,&quot;subscriptions_url&quot;:&quot;https://api.github.com/users/SudSharma/subscriptions&quot;,&quot;organizations_url&quot;:&quot;https://api.github.com/users/SudSharma/orgs&quot;,&quot;repos_url&quot;:&quot;https://api.github.com/users/SudSharma/repos&quot;,&quot;events_url&quot;:&quot;https://api.github.com/users/SudSharma/events{/privacy}&quot;,&quot;received_events_url&quot;:&quot;https://api.github.com/users/SudSharma/received_events&quot;,&quot;type&quot;:&quot;User&quot;,&quot;site_admin&quot;:false},&quot;html_url&quot;:&quot;https://github.com/SudSharma/camstudio-mousedown-highlight&quot;,&quot;description&quot;:&quot;Modify CamStudio so that the cursor highlight is only displayed when the mouse button is pressed&quot;,&quot;fork&quot;:true,&quot;url&quot;:&quot;https://api.github.com/repos/SudSharma/camstudio-mousedown-highlight&quot;,&quot;forks_url&quot;:&quot;https://api.github.com/repos/SudSharma/camstudio-mousedown-highlight/forks&quot;,&quot;keys_url&quot;:&quot;https://api.github.com/repos/SudSharma/camstudio-mousedown-highlight/keys{/key_id}&quot;,&quot;collaborators_url&quot;:&quot;https://api.github.com/repos/SudSharma/camstudio-mousedown-highlight/collaborators{/collaborator}&quot;,&quot;teams_url&quot;:&quot;https://api.github.com/repos/SudSharma/camstudio-mousedown-highlight/teams&quot;,&quot;hooks_url&quot;:&quot;https://api.github.com/repos/SudSharma/camstudio-mousedown-highlight/hooks&quot;,&quot;issue_events_url&quot;:&quot;https://api.github.com/repos/SudSharma/camstudio-mousedown-highlight/issues/events{/number}&quot;,&quot;events_url&quot;:&quot;https://api.github.com/repos/SudSharma/camstudio-mousedown-highlight/events&quot;,&quot;assignees_url&quot;:&quot;https://api.github.com/repos/SudSharma/camstudio-mousedown-highlight/assignees{/user}&quot;,&quot;branches_url&quot;:&quot;https://api.github.com/repos/SudSharma/camstudio-mousedown-highlight/branches{/branch}&quot;,&quot;tags_url&quot;:&quot;https://api.github.com/repos/SudSharma/camstudio-mousedown-highlight/tags&quot;,&quot;blobs_url&quot;:&quot;https://api.github.com/repos/SudSharma/camstudio-mousedown-highlight/git/blobs{/sha}&quot;,&quot;git_tags_url&quot;:&quot;https://api.github.com/repos/SudSharma/camstudio-mousedown-highlight/git/tags{/sha}&quot;,&quot;git_refs_url&quot;:&quot;https://api.github.com/repos/SudSharma/camstudio-mousedown-highlight/git/refs{/sha}&quot;,&quot;trees_url&quot;:&quot;https://api.github.com/repos/SudSharma/camstudio-mousedown-highlight/git/trees{/sha}&quot;,&quot;statuses_url&quot;:&quot;https://api.github.com/repos/SudSharma/camstudio-mousedown-highlight/statuses/{sha}&quot;,&quot;languages_url&quot;:&quot;https://api.github.com/repos/SudSharma/camstudio-mousedown-highlight/languages&quot;,&quot;stargazers_url&quot;:&quot;https://api.github.com/repos/SudSharma/camstudio-mousedown-highlight/stargazers&quot;,&quot;contributors_url&quot;:&quot;https://api.github.com/repos/SudSharma/camstudio-mousedown-highlight/contributors&quot;,&quot;subscribers_url&quot;:&quot;https://api.github.com/repos/SudSharma/camstudio-mousedown-highlight/subscribers&quot;,&quot;subscription_url&quot;:&quot;https://api.github.com/repos/SudSharma/camstudio-mousedown-highlight/subscription&quot;,&quot;commits_url&quot;:&quot;https://api.github.com/repos/SudSharma/camstudio-mousedown-highlight/commits{/sha}&quot;,&quot;git_commits_url&quot;:&quot;https://api.github.com/repos/SudSharma/camstudio-mousedown-highlight/git/commits{/sha}&quot;,&quot;comments_url&quot;:&quot;https://api.github.com/repos/SudSharma/camstudio-mousedown-highlight/comments{/number}&quot;,&quot;issue_comment_url&quot;:&quot;https://api.github.com/repos/SudSharma/camstudio-mousedown-highlight/issues/comments{/number}&quot;,&quot;contents_url&quot;:&quot;https://api.github.com/repos/SudSharma/camstudio-mousedown-highlight/contents/{+path}&quot;,&quot;compare_url&quot;:&quot;https://api.github.com/repos/SudSharma/camstudio-mousedown-highlight/compare/{base}...{head}&quot;,&quot;merges_url&quot;:&quot;https://api.github.com/repos/SudSharma/camstudio-mousedown-highlight/merges&quot;,&quot;archive_url&quot;:&quot;https://api.github.com/repos/SudSharma/camstudio-mousedown-highlight/{archive_format}{/ref}&quot;,&quot;downloads_url&quot;:&quot;https://api.github.com/repos/SudSharma/camstudio-mousedown-highlight/downloads&quot;,&quot;issues_url&quot;:&quot;https://api.github.com/repos/SudSharma/camstudio-mousedown-highlight/issues{/number}&quot;,&quot;pulls_url&quot;:&quot;https://api.github.com/repos/SudSharma/camstudio-mousedown-highlight/pulls{/number}&quot;,&quot;milestones_url&quot;:&quot;https://api.github.com/repos/SudSharma/camstudio-mousedown-highlight/milestones{/number}&quot;,&quot;notifications_url&quot;:&quot;https://api.github.com/repos/SudSharma/camstudio-mousedown-highlight/notifications{?since,all,participating}&quot;,&quot;labels_url&quot;:&quot;https://api.github.com/repos/SudSharma/camstudio-mousedown-highlight/labels{/name}&quot;,&quot;releases_url&quot;:&quot;https://api.github.com/repos/SudSharma/camstudio-mousedown-highlight/releases{/id}&quot;,&quot;deployments_url&quot;:&quot;https://api.github.com/repos/SudSharma/camstudio-mousedown-highlight/deployments&quot;,&quot;created_at&quot;:&quot;2019-06-23T03:34:13Z&quot;,&quot;updated_at&quot;:&quot;2018-11-30T23:03:19Z&quot;,&quot;pushed_at&quot;:&quot;2011-07-22T08:40:25Z&quot;,&quot;git_url&quot;:&quot;git://github.com/SudSharma/camstudio-mousedown-highlight.git&quot;,&quot;ssh_url&quot;:&quot;git@github.com:SudSharma/camstudio-mousedown-highlight.git&quot;,&quot;clone_url&quot;:&quot;https://github.com/SudSharma/camstudio-mousedown-highlight.git&quot;,&quot;svn_url&quot;:&quot;https://github.com/SudSharma/camstudio-mousedown-highlight&quot;,&quot;homepage&quot;:&quot;&quot;,&quot;size&quot;:2799,&quot;stargazers_count&quot;:0,&quot;watchers_count&quot;:0,&quot;language&quot;:null,&quot;has_issues&quot;:false,&quot;has_projects&quot;:true,&quot;has_downloads&quot;:true,&quot;has_wiki&quot;:true,&quot;has_pages&quot;:false,&quot;forks_count&quot;:0,&quot;mirror_url&quot;:null,&quot;archived&quot;:false,&quot;disabled&quot;:false,&quot;open_issues_count&quot;:0,&quot;license&quot;:null,&quot;forks&quot;:0,&quot;open_issues&quot;:0,&quot;watchers&quot;:0,&quot;default_branch&quot;:&quot;master&quot;,&quot;public&quot;:true}},&quot;public&quot;:true,&quot;created_at&quot;:&quot;2019-06-23T03:34:13Z&quot;},{&quot;id&quot;:&quot;9874664905&quot;,&quot;type&quot;:&quot;WatchEvent&quot;,&quot;actor&quot;:{&quot;id&quot;:46883791,&quot;login&quot;:&quot;guopojia2&quot;,&quot;display_login&quot;:&quot;guopojia2&quot;,&quot;gravatar_id&quot;:&quot;&quot;,&quot;url&quot;:&quot;https://api.github.com/users/guopojia2&quot;,&quot;avatar_url&quot;:&quot;https://avatars.githubusercontent.com/u/46883791?&quot;},&quot;repo&quot;:{&quot;id&quot;:185722374,&quot;name&quot;:&quot;8treenet/gotree&quot;,&quot;url&quot;:&quot;https://api.github.com/repos/8treenet/gotree&quot;},&quot;payload&quot;:{&quot;action&quot;:&quot;started&quot;},&quot;public&quot;:true,&quot;created_at&quot;:&quot;2019-06-23T03:34:13Z&quot;},{&quot;id&quot;:&quot;9874664895&quot;,&quot;type&quot;:&quot;PushEvent&quot;,&quot;actor&quot;:{&quot;id&quot;:27856297,&quot;login&quot;:&quot;dependabot-preview[bot]&quot;,&quot;display_login&quot;:&quot;dependabot-preview&quot;,&quot;gravatar_id&quot;:&quot;&quot;,&quot;url&quot;:&quot;https://api.github.com/users/dependabot-preview[bot]&quot;,&quot;avatar_url&quot;:&quot;https://avatars.githubusercontent.com/u/27856297?&quot;},&quot;repo&quot;:{&quot;id&quot;:103219342,&quot;name&quot;:&quot;pi-hole/web&quot;,&quot;url&quot;:&quot;https://api.github.com/repos/pi-hole/web&quot;},&quot;payload&quot;:{&quot;push_id&quot;:3742885537,&quot;size&quot;:9,&quot;distinct_size&quot;:1,&quot;ref&quot;:&quot;refs/heads/dependabot/npm_and_yarn/development/@types/react-16.8.22&quot;,&quot;head&quot;:&quot;686efcd27c10f255ff50b66d364d4fa2af713d4b&quot;,&quot;before&quot;:&quot;594d996a2b41a8621ef4ef674b69d04ae69defea&quot;,&quot;commits&quot;:[{&quot;sha&quot;:&quot;47ecfba741273e162985f89dbbfb8a692ac41681&quot;,&quot;author&quot;:{&quot;email&quot;:&quot;27856297+dependabot-preview[bot]@users.noreply.github.com&quot;,&quot;name&quot;:&quot;dependabot-preview[bot]&quot;},&quot;message&quot;:&quot;Bump @types/fetch-mock from 7.3.0 to 7.3.1\\n\\nBumps [@types/fetch-mock](https://github.com/DefinitelyTyped/DefinitelyTyped/tree/HEAD/types/fetch-mock) from 7.3.0 to 7.3.1.\\n- [Release notes](https://github.com/DefinitelyTyped/DefinitelyTyped/releases)\\n- [Commits](https://github.com/DefinitelyTyped/DefinitelyTyped/commits/HEAD/types/fetch-mock)\\n\\nSigned-off-by: dependabot-preview[bot] &lt;support@dependabot.com&gt;&quot;,&quot;distinct&quot;:false,&quot;url&quot;:&quot;https://api.github.com/repos/pi-hole/web/commits/47ecfba741273e162985f89dbbfb8a692ac41681&quot;},{&quot;sha&quot;:&quot;104e5d54e8e17af8de4389c92c5b073ee3d0b023&quot;,&quot;author&quot;:{&quot;email&quot;:&quot;mark.drobnak@gmail.com&quot;,&quot;name&quot;:&quot;Mark Drobnak&quot;},&quot;message&quot;:&quot;Merge pull request #292 from pi-hole/dependabot/npm_and_yarn/development/@types/fetch-mock-7.3.1\\n\\nBump @types/fetch-mock from 7.3.0 to 7.3.1&quot;,&quot;distinct&quot;:false,&quot;url&quot;:&quot;https://api.github.com/repos/pi-hole/web/commits/104e5d54e8e17af8de4389c92c5b073ee3d0b023&quot;},{&quot;sha&quot;:&quot;d6c0b92b039d58028dc8950fa73f47fcd5a1b195&quot;,&quot;author&quot;:{&quot;email&quot;:&quot;27856297+dependabot-preview[bot]@users.noreply.github.com&quot;,&quot;name&quot;:&quot;dependabot-preview[bot]&quot;},&quot;message&quot;:&quot;Bump @types/chart.js from 2.7.53 to 2.7.54\\n\\nBumps [@types/chart.js](https://github.com/DefinitelyTyped/DefinitelyTyped/tree/HEAD/types/chart.js) from 2.7.53 to 2.7.54.\\n- [Release notes](https://github.com/DefinitelyTyped/DefinitelyTyped/releases)\\n- [Commits](https://github.com/DefinitelyTyped/DefinitelyTyped/commits/HEAD/types/chart.js)\\n\\nSigned-off-by: dependabot-preview[bot] &lt;support@dependabot.com&gt;&quot;,&quot;distinct&quot;:false,&quot;url&quot;:&quot;https://api.github.com/repos/pi-hole/web/commits/d6c0b92b039d58028dc8950fa73f47fcd5a1b195&quot;},{&quot;sha&quot;:&quot;e89fa564084673431000bb701cdd111baceb226d&quot;,&quot;author&quot;:{&quot;email&quot;:&quot;mark.drobnak@gmail.com&quot;,&quot;name&quot;:&quot;Mark Drobnak&quot;},&quot;message&quot;:&quot;Merge pull request #299 from pi-hole/dependabot/npm_and_yarn/development/@types/chart.js-2.7.54\\n\\nBump @types/chart.js from 2.7.53 to 2.7.54&quot;,&quot;distinct&quot;:false,&quot;url&quot;:&quot;https://api.github.com/repos/pi-hole/web/commits/e89fa564084673431000bb701cdd111baceb226d&quot;},{&quot;sha&quot;:&quot;16137610560b46a38e014d54e16a8b753363eb07&quot;,&quot;author&quot;:{&quot;email&quot;:&quot;27856297+dependabot-preview[bot]@users.noreply.github.com&quot;,&quot;name&quot;:&quot;dependabot-preview[bot]&quot;},&quot;message&quot;:&quot;Bump @types/enzyme from 3.9.3 to 3.9.4\\n\\nBumps [@types/enzyme](https://github.com/DefinitelyTyped/DefinitelyTyped/tree/HEAD/types/enzyme) from 3.9.3 to 3.9.4.\\n- [Release notes](https://github.com/DefinitelyTyped/DefinitelyTyped/releases)\\n- [Commits](https://github.com/DefinitelyTyped/DefinitelyTyped/commits/HEAD/types/enzyme)\\n\\nSigned-off-by: dependabot-preview[bot] &lt;support@dependabot.com&gt;&quot;,&quot;distinct&quot;:false,&quot;url&quot;:&quot;https://api.github.com/repos/pi-hole/web/commits/16137610560b46a38e014d54e16a8b753363eb07&quot;},{&quot;sha&quot;:&quot;4c64d6c53f12686af06ec1c4d824687697aea870&quot;,&quot;author&quot;:{&quot;email&quot;:&quot;mark.drobnak@gmail.com&quot;,&quot;name&quot;:&quot;Mark Drobnak&quot;},&quot;message&quot;:&quot;Merge pull request #298 from pi-hole/dependabot/npm_and_yarn/development/@types/enzyme-3.9.4\\n\\nBump @types/enzyme from 3.9.3 to 3.9.4&quot;,&quot;distinct&quot;:false,&quot;url&quot;:&quot;https://api.github.com/repos/pi-hole/web/commits/4c64d6c53f12686af06ec1c4d824687697aea870&quot;},{&quot;sha&quot;:&quot;d2912a27aed5f1c71c28e0900d97949e1424e332&quot;,&quot;author&quot;:{&quot;email&quot;:&quot;27856297+dependabot-preview[bot]@users.noreply.github.com&quot;,&quot;name&quot;:&quot;dependabot-preview[bot]&quot;},&quot;message&quot;:&quot;Bump @types/node from 12.0.8 to 12.0.10\\n\\nBumps [@types/node](https://github.com/DefinitelyTyped/DefinitelyTyped/tree/HEAD/types/node) from 12.0.8 to 12.0.10.\\n- [Release notes](https://github.com/DefinitelyTyped/DefinitelyTyped/releases)\\n- [Commits](https://github.com/DefinitelyTyped/DefinitelyTyped/commits/HEAD/types/node)\\n\\nSigned-off-by: dependabot-preview[bot] &lt;support@dependabot.com&gt;&quot;,&quot;distinct&quot;:false,&quot;url&quot;:&quot;https://api.github.com/repos/pi-hole/web/commits/d2912a27aed5f1c71c28e0900d97949e1424e332&quot;},{&quot;sha&quot;:&quot;f104bbe6205e6781b140f6607864b4e87f31064b&quot;,&quot;author&quot;:{&quot;email&quot;:&quot;mark.drobnak@gmail.com&quot;,&quot;name&quot;:&quot;Mark Drobnak&quot;},&quot;message&quot;:&quot;Merge pull request #295 from pi-hole/dependabot/npm_and_yarn/development/@types/node-12.0.10\\n\\nBump @types/node from 12.0.8 to 12.0.10&quot;,&quot;distinct&quot;:false,&quot;url&quot;:&quot;https://api.github.com/repos/pi-hole/web/commits/f104bbe6205e6781b140f6607864b4e87f31064b&quot;},{&quot;sha&quot;:&quot;686efcd27c10f255ff50b66d364d4fa2af713d4b&quot;,&quot;author&quot;:{&quot;email&quot;:&quot;27856297+dependabot-preview[bot]@users.noreply.github.com&quot;,&quot;name&quot;:&quot;dependabot-preview[bot]&quot;},&quot;message&quot;:&quot;Bump @types/react from 16.8.20 to 16.8.22\\n\\nBumps [@types/react](https://github.com/DefinitelyTyped/DefinitelyTyped/tree/HEAD/types/react) from 16.8.20 to 16.8.22.\\n- [Release notes](https://github.com/DefinitelyTyped/DefinitelyTyped/releases)\\n- [Commits](https://github.com/DefinitelyTyped/DefinitelyTyped/commits/HEAD/types/react)\\n\\nSigned-off-by: dependabot-preview[bot] &lt;support@dependabot.com&gt;&quot;,&quot;distinct&quot;:true,&quot;url&quot;:&quot;https://api.github.com/repos/pi-hole/web/commits/686efcd27c10f255ff50b66d364d4fa2af713d4b&quot;}]},&quot;public&quot;:true,&quot;created_at&quot;:&quot;2019-06-23T03:34:12Z&quot;,&quot;org&quot;:{&quot;id&quot;:16827203,&quot;login&quot;:&quot;pi-hole&quot;,&quot;gravatar_id&quot;:&quot;&quot;,&quot;url&quot;:&quot;https://api.github.com/orgs/pi-hole&quot;,&quot;avatar_url&quot;:&quot;https://avatars.githubusercontent.com/u/16827203?&quot;}},{&quot;id&quot;:&quot;9874664893&quot;,&quot;type&quot;:&quot;PushEvent&quot;,&quot;actor&quot;:{&quot;id&quot;:33847963,&quot;login&quot;:&quot;sourceconnect-tests&quot;,&quot;display_login&quot;:&quot;sourceconnect-tests&quot;,&quot;gravatar_id&quot;:&quot;&quot;,&quot;url&quot;:&quot;https://api.github.com/users/sourceconnect-tests&quot;,&quot;avatar_url&quot;:&quot;https://avatars.githubusercontent.com/u/33847963?&quot;},&quot;repo&quot;:{&quot;id&quot;:111470342,&quot;name&quot;:&quot;sourceconnect-testing/subscription&quot;,&quot;url&quot;:&quot;https://api.github.com/repos/sourceconnect-testing/subscription&quot;},&quot;payload&quot;:{&quot;push_id&quot;:3742885535,&quot;size&quot;:1,&quot;distinct_size&quot;:1,&quot;ref&quot;:&quot;refs/heads/master&quot;,&quot;head&quot;:&quot;236346d34afbc3a1e36167e44eb6fc33ffbedf5d&quot;,&quot;before&quot;:&quot;4589ae658bb6b13729ed928fd453044d66acf463&quot;,&quot;commits&quot;:[{&quot;sha&quot;:&quot;236346d34afbc3a1e36167e44eb6fc33ffbedf5d&quot;,&quot;author&quot;:{&quot;email&quot;:&quot;33847963+sourceconnect-tests@users.noreply.github.com&quot;,&quot;name&quot;:&quot;sourceconnect-tests&quot;},&quot;message&quot;:&quot;e2e test 2019-06-23T03:33:34.438112&quot;,&quot;distinct&quot;:true,&quot;url&quot;:&quot;https://api.github.com/repos/sourceconnect-testing/subscription/commits/236346d34afbc3a1e36167e44eb6fc33ffbedf5d&quot;}]},&quot;public&quot;:true,&quot;created_at&quot;:&quot;2019-06-23T03:34:12Z&quot;,&quot;org&quot;:{&quot;id&quot;:34256584,&quot;login&quot;:&quot;sourceconnect-testing&quot;,&quot;gravatar_id&quot;:&quot;&quot;,&quot;url&quot;:&quot;https://api.github.com/orgs/sourceconnect-testing&quot;,&quot;avatar_url&quot;:&quot;https://avatars.githubusercontent.com/u/34256584?&quot;}},{&quot;id&quot;:&quot;9874664887&quot;,&quot;type&quot;:&quot;WatchEvent&quot;,&quot;actor&quot;:{&quot;id&quot;:38714081,&quot;login&quot;:&quot;JinYAnGHe&quot;,&quot;display_login&quot;:&quot;JinYAnGHe&quot;,&quot;gravatar_id&quot;:&quot;&quot;,&quot;url&quot;:&quot;https://api.github.com/users/JinYAnGHe&quot;,&quot;avatar_url&quot;:&quot;https://avatars.githubusercontent.com/u/38714081?&quot;},&quot;repo&quot;:{&quot;id&quot;:142678957,&quot;name&quot;:&quot;zslomo/2019-Autumn-recruitment-experience&quot;,&quot;url&quot;:&quot;https://api.github.com/repos/zslomo/2019-Autumn-recruitment-experience&quot;},&quot;payload&quot;:{&quot;action&quot;:&quot;started&quot;},&quot;public&quot;:true,&quot;created_at&quot;:&quot;2019-06-23T03:34:12Z&quot;},{&quot;id&quot;:&quot;9874664885&quot;,&quot;type&quot;:&quot;PushEvent&quot;,&quot;actor&quot;:{&quot;id&quot;:3345924,&quot;login&quot;:&quot;milkcircle&quot;,&quot;display_login&quot;:&quot;milkcircle&quot;,&quot;gravatar_id&quot;:&quot;&quot;,&quot;url&quot;:&quot;https://api.github.com/users/milkcircle&quot;,&quot;avatar_url&quot;:&quot;https://avatars.githubusercontent.com/u/3345924?&quot;},&quot;repo&quot;:{&quot;id&quot;:22539991,&quot;name&quot;:&quot;milkcircle/milkcircle.github.io&quot;,&quot;url&quot;:&quot;https://api.github.com/repos/milkcircle/milkcircle.github.io&quot;},&quot;payload&quot;:{&quot;push_id&quot;:3742885530,&quot;size&quot;:1,&quot;distinct_size&quot;:1,&quot;ref&quot;:&quot;refs/heads/master&quot;,&quot;head&quot;:&quot;973d6132af57680cf32a3fc1a1a7bc4c3e03c127&quot;,&quot;before&quot;:&quot;f2bd347b1e218929d1f5384d67bcfdb22581b8a9&quot;,&quot;commits&quot;:[{&quot;sha&quot;:&quot;973d6132af57680cf32a3fc1a1a7bc4c3e03c127&quot;,&quot;author&quot;:{&quot;email&quot;:&quot;acheng@college.harvard.edu&quot;,&quot;name&quot;:&quot;milkcircle&quot;},&quot;message&quot;:&quot;paint.md&quot;,&quot;distinct&quot;:true,&quot;url&quot;:&quot;https://api.github.com/repos/milkcircle/milkcircle.github.io/commits/973d6132af57680cf32a3fc1a1a7bc4c3e03c127&quot;}]},&quot;public&quot;:true,&quot;created_at&quot;:&quot;2019-06-23T03:34:12Z&quot;},{&quot;id&quot;:&quot;9874664886&quot;,&quot;type&quot;:&quot;CreateEvent&quot;,&quot;actor&quot;:{&quot;id&quot;:46430618,&quot;login&quot;:&quot;MaruLee&quot;,&quot;display_login&quot;:&quot;MaruLee&quot;,&quot;gravatar_id&quot;:&quot;&quot;,&quot;url&quot;:&quot;https://api.github.com/users/MaruLee&quot;,&quot;avatar_url&quot;:&quot;https://avatars.githubusercontent.com/u/46430618?&quot;},&quot;repo&quot;:{&quot;id&quot;:193302523,&quot;name&quot;:&quot;MaruLee/Web-Scraper&quot;,&quot;url&quot;:&quot;https://api.github.com/repos/MaruLee/Web-Scraper&quot;},&quot;payload&quot;:{&quot;ref&quot;:&quot;master&quot;,&quot;ref_type&quot;:&quot;branch&quot;,&quot;master_branch&quot;:&quot;master&quot;,&quot;description&quot;:null,&quot;pusher_type&quot;:&quot;user&quot;},&quot;public&quot;:true,&quot;created_at&quot;:&quot;2019-06-23T03:34:12Z&quot;},{&quot;id&quot;:&quot;9874664881&quot;,&quot;type&quot;:&quot;PullRequestEvent&quot;,&quot;actor&quot;:{&quot;id&quot;:36895565,&quot;login&quot;:&quot;daikiyano&quot;,&quot;display_login&quot;:&quot;daikiyano&quot;,&quot;gravatar_id&quot;:&quot;&quot;,&quot;url&quot;:&quot;https://api.github.com/users/daikiyano&quot;,&quot;avatar_url&quot;:&quot;https://avatars.githubusercontent.com/u/36895565?&quot;},&quot;repo&quot;:{&quot;id&quot;:186125565,&quot;name&quot;:&quot;daikiyano/flask-todo&quot;,&quot;url&quot;:&quot;https://api.github.com/repos/daikiyano/flask-todo&quot;},&quot;payload&quot;:{&quot;action&quot;:&quot;opened&quot;,&quot;number&quot;:35,&quot;pull_request&quot;:{&quot;url&quot;:&quot;https://api.github.com/repos/daikiyano/flask-todo/pulls/35&quot;,&quot;id&quot;:290861594,&quot;node_id&quot;:&quot;MDExOlB1bGxSZXF1ZXN0MjkwODYxNTk0&quot;,&quot;html_url&quot;:&quot;https://github.com/daikiyano/flask-todo/pull/35&quot;,&quot;diff_url&quot;:&quot;https://github.com/daikiyano/flask-todo/pull/35.diff&quot;,&quot;patch_url&quot;:&quot;https://github.com/daikiyano/flask-todo/pull/35.patch&quot;,&quot;issue_url&quot;:&quot;https://api.github.com/repos/daikiyano/flask-todo/issues/35&quot;,&quot;number&quot;:35,&quot;state&quot;:&quot;open&quot;,&quot;locked&quot;:false,&quot;title&quot;:&quot;Development&quot;,&quot;user&quot;:{&quot;login&quot;:&quot;daikiyano&quot;,&quot;id&quot;:36895565,&quot;node_id&quot;:&quot;MDQ6VXNlcjM2ODk1NTY1&quot;,&quot;avatar_url&quot;:&quot;https://avatars2.githubusercontent.com/u/36895565?v=4&quot;,&quot;gravatar_id&quot;:&quot;&quot;,&quot;url&quot;:&quot;https://api.github.com/users/daikiyano&quot;,&quot;html_url&quot;:&quot;https://github.com/daikiyano&quot;,&quot;followers_url&quot;:&quot;https://api.github.com/users/daikiyano/followers&quot;,&quot;following_url&quot;:&quot;https://api.github.com/users/daikiyano/following{/other_user}&quot;,&quot;gists_url&quot;:&quot;https://api.github.com/users/daikiyano/gists{/gist_id}&quot;,&quot;starred_url&quot;:&quot;https://api.github.com/users/daikiyano/starred{/owner}{/repo}&quot;,&quot;subscriptions_url&quot;:&quot;https://api.github.com/users/daikiyano/subscriptions&quot;,&quot;organizations_url&quot;:&quot;https://api.github.com/users/daikiyano/orgs&quot;,&quot;repos_url&quot;:&quot;https://api.github.com/users/daikiyano/repos&quot;,&quot;events_url&quot;:&quot;https://api.github.com/users/daikiyano/events{/privacy}&quot;,&quot;received_events_url&quot;:&quot;https://api.github.com/users/daikiyano/received_events&quot;,&quot;type&quot;:&quot;User&quot;,&quot;site_admin&quot;:false},&quot;body&quot;:&quot;&quot;,&quot;created_at&quot;:&quot;2019-06-23T03:34:11Z&quot;,&quot;updated_at&quot;:&quot;2019-06-23T03:34:11Z&quot;,&quot;closed_at&quot;:null,&quot;merged_at&quot;:null,&quot;merge_commit_sha&quot;:null,&quot;assignee&quot;:null,&quot;assignees&quot;:[],&quot;requested_reviewers&quot;:[],&quot;requested_teams&quot;:[],&quot;labels&quot;:[],&quot;milestone&quot;:null,&quot;commits_url&quot;:&quot;https://api.github.com/repos/daikiyano/flask-todo/pulls/35/commits&quot;,&quot;review_comments_url&quot;:&quot;https://api.github.com/repos/daikiyano/flask-todo/pulls/35/comments&quot;,&quot;review_comment_url&quot;:&quot;https://api.github.com/repos/daikiyano/flask-todo/pulls/comments{/number}&quot;,&quot;comments_url&quot;:&quot;https://api.github.com/repos/daikiyano/flask-todo/issues/35/comments&quot;,&quot;statuses_url&quot;:&quot;https://api.github.com/repos/daikiyano/flask-todo/statuses/719be6a7917d7be411a1fd1d49c8998b464fe1de&quot;,&quot;head&quot;:{&quot;label&quot;:&quot;daikiyano:development&quot;,&quot;ref&quot;:&quot;development&quot;,&quot;sha&quot;:&quot;719be6a7917d7be411a1fd1d49c8998b464fe1de&quot;,&quot;user&quot;:{&quot;login&quot;:&quot;daikiyano&quot;,&quot;id&quot;:36895565,&quot;node_id&quot;:&quot;MDQ6VXNlcjM2ODk1NTY1&quot;,&quot;avatar_url&quot;:&quot;https://avatars2.githubusercontent.com/u/36895565?v=4&quot;,&quot;gravatar_id&quot;:&quot;&quot;,&quot;url&quot;:&quot;https://api.github.com/users/daikiyano&quot;,&quot;html_url&quot;:&quot;https://github.com/daikiyano&quot;,&quot;followers_url&quot;:&quot;https://api.github.com/users/daikiyano/followers&quot;,&quot;following_url&quot;:&quot;https://api.github.com/users/daikiyano/following{/other_user}&quot;,&quot;gists_url&quot;:&quot;https://api.github.com/users/daikiyano/gists{/gist_id}&quot;,&quot;starred_url&quot;:&quot;https://api.github.com/users/daikiyano/starred{/owner}{/repo}&quot;,&quot;subscriptions_url&quot;:&quot;https://api.github.com/users/daikiyano/subscriptions&quot;,&quot;organizations_url&quot;:&quot;https://api.github.com/users/daikiyano/orgs&quot;,&quot;repos_url&quot;:&quot;https://api.github.com/users/daikiyano/repos&quot;,&quot;events_url&quot;:&quot;https://api.github.com/users/daikiyano/events{/privacy}&quot;,&quot;received_events_url&quot;:&quot;https://api.github.com/users/daikiyano/received_events&quot;,&quot;type&quot;:&quot;User&quot;,&quot;site_admin&quot;:false},&quot;repo&quot;:{&quot;id&quot;:186125565,&quot;node_id&quot;:&quot;MDEwOlJlcG9zaXRvcnkxODYxMjU1NjU=&quot;,&quot;name&quot;:&quot;flask-todo&quot;,&quot;full_name&quot;:&quot;daikiyano/flask-todo&quot;,&quot;private&quot;:false,&quot;owner&quot;:{&quot;login&quot;:&quot;daikiyano&quot;,&quot;id&quot;:36895565,&quot;node_id&quot;:&quot;MDQ6VXNlcjM2ODk1NTY1&quot;,&quot;avatar_url&quot;:&quot;https://avatars2.githubusercontent.com/u/36895565?v=4&quot;,&quot;gravatar_id&quot;:&quot;&quot;,&quot;url&quot;:&quot;https://api.github.com/users/daikiyano&quot;,&quot;html_url&quot;:&quot;https://github.com/daikiyano&quot;,&quot;followers_url&quot;:&quot;https://api.github.com/users/daikiyano/followers&quot;,&quot;following_url&quot;:&quot;https://api.github.com/users/daikiyano/following{/other_user}&quot;,&quot;gists_url&quot;:&quot;https://api.github.com/users/daikiyano/gists{/gist_id}&quot;,&quot;starred_url&quot;:&quot;https://api.github.com/users/daikiyano/starred{/owner}{/repo}&quot;,&quot;subscriptions_url&quot;:&quot;https://api.github.com/users/daikiyano/subscriptions&quot;,&quot;organizations_url&quot;:&quot;https://api.github.com/users/daikiyano/orgs&quot;,&quot;repos_url&quot;:&quot;https://api.github.com/users/daikiyano/repos&quot;,&quot;events_url&quot;:&quot;https://api.github.com/users/daikiyano/events{/privacy}&quot;,&quot;received_events_url&quot;:&quot;https://api.github.com/users/daikiyano/received_events&quot;,&quot;type&quot;:&quot;User&quot;,&quot;site_admin&quot;:false},&quot;html_url&quot;:&quot;https://github.com/daikiyano/flask-todo&quot;,&quot;description&quot;:null,&quot;fork&quot;:false,&quot;url&quot;:&quot;https://api.github.com/repos/daikiyano/flask-todo&quot;,&quot;forks_url&quot;:&quot;https://api.github.com/repos/daikiyano/flask-todo/forks&quot;,&quot;keys_url&quot;:&quot;https://api.github.com/repos/daikiyano/flask-todo/keys{/key_id}&quot;,&quot;collaborators_url&quot;:&quot;https://api.github.com/repos/daikiyano/flask-todo/collaborators{/collaborator}&quot;,&quot;teams_url&quot;:&quot;https://api.github.com/repos/daikiyano/flask-todo/teams&quot;,&quot;hooks_url&quot;:&quot;https://api.github.com/repos/daikiyano/flask-todo/hooks&quot;,&quot;issue_events_url&quot;:&quot;https://api.github.com/repos/daikiyano/flask-todo/issues/events{/number}&quot;,&quot;events_url&quot;:&quot;https://api.github.com/repos/daikiyano/flask-todo/events&quot;,&quot;assignees_url&quot;:&quot;https://api.github.com/repos/daikiyano/flask-todo/assignees{/user}&quot;,&quot;branches_url&quot;:&quot;https://api.github.com/repos/daikiyano/flask-todo/branches{/branch}&quot;,&quot;tags_url&quot;:&quot;https://api.github.com/repos/daikiyano/flask-todo/tags&quot;,&quot;blobs_url&quot;:&quot;https://api.github.com/repos/daikiyano/flask-todo/git/blobs{/sha}&quot;,&quot;git_tags_url&quot;:&quot;https://api.github.com/repos/daikiyano/flask-todo/git/tags{/sha}&quot;,&quot;git_refs_url&quot;:&quot;https://api.github.com/repos/daikiyano/flask-todo/git/refs{/sha}&quot;,&quot;trees_url&quot;:&quot;https://api.github.com/repos/daikiyano/flask-todo/git/trees{/sha}&quot;,&quot;statuses_url&quot;:&quot;https://api.github.com/repos/daikiyano/flask-todo/statuses/{sha}&quot;,&quot;languages_url&quot;:&quot;https://api.github.com/repos/daikiyano/flask-todo/languages&quot;,&quot;stargazers_url&quot;:&quot;https://api.github.com/repos/daikiyano/flask-todo/stargazers&quot;,&quot;contributors_url&quot;:&quot;https://api.github.com/repos/daikiyano/flask-todo/contributors&quot;,&quot;subscribers_url&quot;:&quot;https://api.github.com/repos/daikiyano/flask-todo/subscribers&quot;,&quot;subscription_url&quot;:&quot;https://api.github.com/repos/daikiyano/flask-todo/subscription&quot;,&quot;commits_url&quot;:&quot;https://api.github.com/repos/daikiyano/flask-todo/commits{/sha}&quot;,&quot;git_commits_url&quot;:&quot;https://api.github.com/repos/daikiyano/flask-todo/git/commits{/sha}&quot;,&quot;comments_url&quot;:&quot;https://api.github.com/repos/daikiyano/flask-todo/comments{/number}&quot;,&quot;issue_comment_url&quot;:&quot;https://api.github.com/repos/daikiyano/flask-todo/issues/comments{/number}&quot;,&quot;contents_url&quot;:&quot;https://api.github.com/repos/daikiyano/flask-todo/contents/{+path}&quot;,&quot;compare_url&quot;:&quot;https://api.github.com/repos/daikiyano/flask-todo/compare/{base}...{head}&quot;,&quot;merges_url&quot;:&quot;https://api.github.com/repos/daikiyano/flask-todo/merges&quot;,&quot;archive_url&quot;:&quot;https://api.github.com/repos/daikiyano/flask-todo/{archive_format}{/ref}&quot;,&quot;downloads_url&quot;:&quot;https://api.github.com/repos/daikiyano/flask-todo/downloads&quot;,&quot;issues_url&quot;:&quot;https://api.github.com/repos/daikiyano/flask-todo/issues{/number}&quot;,&quot;pulls_url&quot;:&quot;https://api.github.com/repos/daikiyano/flask-todo/pulls{/number}&quot;,&quot;milestones_url&quot;:&quot;https://api.github.com/repos/daikiyano/flask-todo/milestones{/number}&quot;,&quot;notifications_url&quot;:&quot;https://api.github.com/repos/daikiyano/flask-todo/notifications{?since,all,participating}&quot;,&quot;labels_url&quot;:&quot;https://api.github.com/repos/daikiyano/flask-todo/labels{/name}&quot;,&quot;releases_url&quot;:&quot;https://api.github.com/repos/daikiyano/flask-todo/releases{/id}&quot;,&quot;deployments_url&quot;:&quot;https://api.github.com/repos/daikiyano/flask-todo/deployments&quot;,&quot;created_at&quot;:&quot;2019-05-11T11:39:31Z&quot;,&quot;updated_at&quot;:&quot;2019-06-18T13:23:03Z&quot;,&quot;pushed_at&quot;:&quot;2019-06-23T02:20:48Z&quot;,&quot;git_url&quot;:&quot;git://github.com/daikiyano/flask-todo.git&quot;,&quot;ssh_url&quot;:&quot;git@github.com:daikiyano/flask-todo.git&quot;,&quot;clone_url&quot;:&quot;https://github.com/daikiyano/flask-todo.git&quot;,&quot;svn_url&quot;:&quot;https://github.com/daikiyano/flask-todo&quot;,&quot;homepage&quot;:null,&quot;size&quot;:3199,&quot;stargazers_count&quot;:0,&quot;watchers_count&quot;:0,&quot;language&quot;:&quot;Python&quot;,&quot;has_issues&quot;:true,&quot;has_projects&quot;:true,&quot;has_downloads&quot;:true,&quot;has_wiki&quot;:true,&quot;has_pages&quot;:false,&quot;forks_count&quot;:0,&quot;mirror_url&quot;:null,&quot;archived&quot;:false,&quot;disabled&quot;:false,&quot;open_issues_count&quot;:2,&quot;license&quot;:null,&quot;forks&quot;:0,&quot;open_issues&quot;:2,&quot;watchers&quot;:0,&quot;default_branch&quot;:&quot;master&quot;}},&quot;base&quot;:{&quot;label&quot;:&quot;daikiyano:master&quot;,&quot;ref&quot;:&quot;master&quot;,&quot;sha&quot;:&quot;2d5cb97535339f39ab0fc333aae158f413a25304&quot;,&quot;user&quot;:{&quot;login&quot;:&quot;daikiyano&quot;,&quot;id&quot;:36895565,&quot;node_id&quot;:&quot;MDQ6VXNlcjM2ODk1NTY1&quot;,&quot;avatar_url&quot;:&quot;https://avatars2.githubusercontent.com/u/36895565?v=4&quot;,&quot;gravatar_id&quot;:&quot;&quot;,&quot;url&quot;:&quot;https://api.github.com/users/daikiyano&quot;,&quot;html_url&quot;:&quot;https://github.com/daikiyano&quot;,&quot;followers_url&quot;:&quot;https://api.github.com/users/daikiyano/followers&quot;,&quot;following_url&quot;:&quot;https://api.github.com/users/daikiyano/following{/other_user}&quot;,&quot;gists_url&quot;:&quot;https://api.github.com/users/daikiyano/gists{/gist_id}&quot;,&quot;starred_url&quot;:&quot;https://api.github.com/users/daikiyano/starred{/owner}{/repo}&quot;,&quot;subscriptions_url&quot;:&quot;https://api.github.com/users/daikiyano/subscriptions&quot;,&quot;organizations_url&quot;:&quot;https://api.github.com/users/daikiyano/orgs&quot;,&quot;repos_url&quot;:&quot;https://api.github.com/users/daikiyano/repos&quot;,&quot;events_url&quot;:&quot;https://api.github.com/users/daikiyano/events{/privacy}&quot;,&quot;received_events_url&quot;:&quot;https://api.github.com/users/daikiyano/received_events&quot;,&quot;type&quot;:&quot;User&quot;,&quot;site_admin&quot;:false},&quot;repo&quot;:{&quot;id&quot;:186125565,&quot;node_id&quot;:&quot;MDEwOlJlcG9zaXRvcnkxODYxMjU1NjU=&quot;,&quot;name&quot;:&quot;flask-todo&quot;,&quot;full_name&quot;:&quot;daikiyano/flask-todo&quot;,&quot;private&quot;:false,&quot;owner&quot;:{&quot;login&quot;:&quot;daikiyano&quot;,&quot;id&quot;:36895565,&quot;node_id&quot;:&quot;MDQ6VXNlcjM2ODk1NTY1&quot;,&quot;avatar_url&quot;:&quot;https://avatars2.githubusercontent.com/u/36895565?v=4&quot;,&quot;gravatar_id&quot;:&quot;&quot;,&quot;url&quot;:&quot;https://api.github.com/users/daikiyano&quot;,&quot;html_url&quot;:&quot;https://github.com/daikiyano&quot;,&quot;followers_url&quot;:&quot;https://api.github.com/users/daikiyano/followers&quot;,&quot;following_url&quot;:&quot;https://api.github.com/users/daikiyano/following{/other_user}&quot;,&quot;gists_url&quot;:&quot;https://api.github.com/users/daikiyano/gists{/gist_id}&quot;,&quot;starred_url&quot;:&quot;https://api.github.com/users/daikiyano/starred{/owner}{/repo}&quot;,&quot;subscriptions_url&quot;:&quot;https://api.github.com/users/daikiyano/subscriptions&quot;,&quot;organizations_url&quot;:&quot;https://api.github.com/users/daikiyano/orgs&quot;,&quot;repos_url&quot;:&quot;https://api.github.com/users/daikiyano/repos&quot;,&quot;events_url&quot;:&quot;https://api.github.com/users/daikiyano/events{/privacy}&quot;,&quot;received_events_url&quot;:&quot;https://api.github.com/users/daikiyano/received_events&quot;,&quot;type&quot;:&quot;User&quot;,&quot;site_admin&quot;:false},&quot;html_url&quot;:&quot;https://github.com/daikiyano/flask-todo&quot;,&quot;description&quot;:null,&quot;fork&quot;:false,&quot;url&quot;:&quot;https://api.github.com/repos/daikiyano/flask-todo&quot;,&quot;forks_url&quot;:&quot;https://api.github.com/repos/daikiyano/flask-todo/forks&quot;,&quot;keys_url&quot;:&quot;https://api.github.com/repos/daikiyano/flask-todo/keys{/key_id}&quot;,&quot;collaborators_url&quot;:&quot;https://api.github.com/repos/daikiyano/flask-todo/collaborators{/collaborator}&quot;,&quot;teams_url&quot;:&quot;https://api.github.com/repos/daikiyano/flask-todo/teams&quot;,&quot;hooks_url&quot;:&quot;https://api.github.com/repos/daikiyano/flask-todo/hooks&quot;,&quot;issue_events_url&quot;:&quot;https://api.github.com/repos/daikiyano/flask-todo/issues/events{/number}&quot;,&quot;events_url&quot;:&quot;https://api.github.com/repos/daikiyano/flask-todo/events&quot;,&quot;assignees_url&quot;:&quot;https://api.github.com/repos/daikiyano/flask-todo/assignees{/user}&quot;,&quot;branches_url&quot;:&quot;https://api.github.com/repos/daikiyano/flask-todo/branches{/branch}&quot;,&quot;tags_url&quot;:&quot;https://api.github.com/repos/daikiyano/flask-todo/tags&quot;,&quot;blobs_url&quot;:&quot;https://api.github.com/repos/daikiyano/flask-todo/git/blobs{/sha}&quot;,&quot;git_tags_url&quot;:&quot;https://api.github.com/repos/daikiyano/flask-todo/git/tags{/sha}&quot;,&quot;git_refs_url&quot;:&quot;https://api.github.com/repos/daikiyano/flask-todo/git/refs{/sha}&quot;,&quot;trees_url&quot;:&quot;https://api.github.com/repos/daikiyano/flask-todo/git/trees{/sha}&quot;,&quot;statuses_url&quot;:&quot;https://api.github.com/repos/daikiyano/flask-todo/statuses/{sha}&quot;,&quot;languages_url&quot;:&quot;https://api.github.com/repos/daikiyano/flask-todo/languages&quot;,&quot;stargazers_url&quot;:&quot;https://api.github.com/repos/daikiyano/flask-todo/stargazers&quot;,&quot;contributors_url&quot;:&quot;https://api.github.com/repos/daikiyano/flask-todo/contributors&quot;,&quot;subscribers_url&quot;:&quot;https://api.github.com/repos/daikiyano/flask-todo/subscribers&quot;,&quot;subscription_url&quot;:&quot;https://api.github.com/repos/daikiyano/flask-todo/subscription&quot;,&quot;commits_url&quot;:&quot;https://api.github.com/repos/daikiyano/flask-todo/commits{/sha}&quot;,&quot;git_commits_url&quot;:&quot;https://api.github.com/repos/daikiyano/flask-todo/git/commits{/sha}&quot;,&quot;comments_url&quot;:&quot;https://api.github.com/repos/daikiyano/flask-todo/comments{/number}&quot;,&quot;issue_comment_url&quot;:&quot;https://api.github.com/repos/daikiyano/flask-todo/issues/comments{/number}&quot;,&quot;contents_url&quot;:&quot;https://api.github.com/repos/daikiyano/flask-todo/contents/{+path}&quot;,&quot;compare_url&quot;:&quot;https://api.github.com/repos/daikiyano/flask-todo/compare/{base}...{head}&quot;,&quot;merges_url&quot;:&quot;https://api.github.com/repos/daikiyano/flask-todo/merges&quot;,&quot;archive_url&quot;:&quot;https://api.github.com/repos/daikiyano/flask-todo/{archive_format}{/ref}&quot;,&quot;downloads_url&quot;:&quot;https://api.github.com/repos/daikiyano/flask-todo/downloads&quot;,&quot;issues_url&quot;:&quot;https://api.github.com/repos/daikiyano/flask-todo/issues{/number}&quot;,&quot;pulls_url&quot;:&quot;https://api.github.com/repos/daikiyano/flask-todo/pulls{/number}&quot;,&quot;milestones_url&quot;:&quot;https://api.github.com/repos/daikiyano/flask-todo/milestones{/number}&quot;,&quot;notifications_url&quot;:&quot;https://api.github.com/repos/daikiyano/flask-todo/notifications{?since,all,participating}&quot;,&quot;labels_url&quot;:&quot;https://api.github.com/repos/daikiyano/flask-todo/labels{/name}&quot;,&quot;releases_url&quot;:&quot;https://api.github.com/repos/daikiyano/flask-todo/releases{/id}&quot;,&quot;deployments_url&quot;:&quot;https://api.github.com/repos/daikiyano/flask-todo/deployments&quot;,&quot;created_at&quot;:&quot;2019-05-11T11:39:31Z&quot;,&quot;updated_at&quot;:&quot;2019-06-18T13:23:03Z&quot;,&quot;pushed_at&quot;:&quot;2019-06-23T02:20:48Z&quot;,&quot;git_url&quot;:&quot;git://github.com/daikiyano/flask-todo.git&quot;,&quot;ssh_url&quot;:&quot;git@github.com:daikiyano/flask-todo.git&quot;,&quot;clone_url&quot;:&quot;https://github.com/daikiyano/flask-todo.git&quot;,&quot;svn_url&quot;:&quot;https://github.com/daikiyano/flask-todo&quot;,&quot;homepage&quot;:null,&quot;size&quot;:3199,&quot;stargazers_count&quot;:0,&quot;watchers_count&quot;:0,&quot;language&quot;:&quot;Python&quot;,&quot;has_issues&quot;:true,&quot;has_projects&quot;:true,&quot;has_downloads&quot;:true,&quot;has_wiki&quot;:true,&quot;has_pages&quot;:false,&quot;forks_count&quot;:0,&quot;mirror_url&quot;:null,&quot;archived&quot;:false,&quot;disabled&quot;:false,&quot;open_issues_count&quot;:2,&quot;license&quot;:null,&quot;forks&quot;:0,&quot;open_issues&quot;:2,&quot;watchers&quot;:0,&quot;default_branch&quot;:&quot;master&quot;}},&quot;_links&quot;:{&quot;self&quot;:{&quot;href&quot;:&quot;https://api.github.com/repos/daikiyano/flask-todo/pulls/35&quot;},&quot;html&quot;:{&quot;href&quot;:&quot;https://github.com/daikiyano/flask-todo/pull/35&quot;},&quot;issue&quot;:{&quot;href&quot;:&quot;https://api.github.com/repos/daikiyano/flask-todo/issues/35&quot;},&quot;comments&quot;:{&quot;href&quot;:&quot;https://api.github.com/repos/daikiyano/flask-todo/issues/35/comments&quot;},&quot;review_comments&quot;:{&quot;href&quot;:&quot;https://api.github.com/repos/daikiyano/flask-todo/pulls/35/comments&quot;},&quot;review_comment&quot;:{&quot;href&quot;:&quot;https://api.github.com/repos/daikiyano/flask-todo/pulls/comments{/number}&quot;},&quot;commits&quot;:{&quot;href&quot;:&quot;https://api.github.com/repos/daikiyano/flask-todo/pulls/35/commits&quot;},&quot;statuses&quot;:{&quot;href&quot;:&quot;https://api.github.com/repos/daikiyano/flask-todo/statuses/719be6a7917d7be411a1fd1d49c8998b464fe1de&quot;}},&quot;author_association&quot;:&quot;OWNER&quot;,&quot;merged&quot;:false,&quot;mergeable&quot;:null,&quot;rebaseable&quot;:null,&quot;mergeable_state&quot;:&quot;unknown&quot;,&quot;merged_by&quot;:null,&quot;comments&quot;:0,&quot;review_comments&quot;:0,&quot;maintainer_can_modify&quot;:false,&quot;commits&quot;:21,&quot;additions&quot;:888,&quot;deletions&quot;:143,&quot;changed_files&quot;:20}},&quot;public&quot;:true,&quot;created_at&quot;:&quot;2019-06-23T03:34:11Z&quot;},{&quot;id&quot;:&quot;9874664880&quot;,&quot;type&quot;:&quot;PushEvent&quot;,&quot;actor&quot;:{&quot;id&quot;:49450090,&quot;login&quot;:&quot;Arsenii26&quot;,&quot;display_login&quot;:&quot;Arsenii26&quot;,&quot;gravatar_id&quot;:&quot;&quot;,&quot;url&quot;:&quot;https://api.github.com/users/Arsenii26&quot;,&quot;avatar_url&quot;:&quot;https://avatars.githubusercontent.com/u/49450090?&quot;},&quot;repo&quot;:{&quot;id&quot;:188736364,&quot;name&quot;:&quot;Arsenii26/topjava&quot;,&quot;url&quot;:&quot;https://api.github.com/repos/Arsenii26/topjava&quot;},&quot;payload&quot;:{&quot;push_id&quot;:3742885526,&quot;size&quot;:1,&quot;distinct_size&quot;:1,&quot;ref&quot;:&quot;refs/heads/master&quot;,&quot;head&quot;:&quot;b7e72f2c0c3bedeabcb51804ac5bb5861965f37a&quot;,&quot;before&quot;:&quot;21f7e2acc43467702b5f03580888535a4ac83e40&quot;,&quot;commits&quot;:[{&quot;sha&quot;:&quot;b7e72f2c0c3bedeabcb51804ac5bb5861965f37a&quot;,&quot;author&quot;:{&quot;email&quot;:&quot;tiurin@sheridancollege.ca&quot;,&quot;name&quot;:&quot;ArseniiTi&quot;},&quot;message&quot;:&quot;3 08 add spring test&quot;,&quot;distinct&quot;:true,&quot;url&quot;:&quot;https://api.github.com/repos/Arsenii26/topjava/commits/b7e72f2c0c3bedeabcb51804ac5bb5861965f37a&quot;}]},&quot;public&quot;:true,&quot;created_at&quot;:&quot;2019-06-23T03:34:11Z&quot;},{&quot;id&quot;:&quot;9874664879&quot;,&quot;type&quot;:&quot;PushEvent&quot;,&quot;actor&quot;:{&quot;id&quot;:7097235,&quot;login&quot;:&quot;libbyschuknight&quot;,&quot;display_login&quot;:&quot;libbyschuknight&quot;,&quot;gravatar_id&quot;:&quot;&quot;,&quot;url&quot;:&quot;https://api.github.com/users/libbyschuknight&quot;,&quot;avatar_url&quot;:&quot;https://avatars.githubusercontent.com/u/7097235?&quot;},&quot;repo&quot;:{&quot;id&quot;:182630943,&quot;name&quot;:&quot;libbyschuknight/catch-of-the-day&quot;,&quot;url&quot;:&quot;https://api.github.com/repos/libbyschuknight/catch-of-the-day&quot;},&quot;payload&quot;:{&quot;push_id&quot;:3742885527,&quot;size&quot;:1,&quot;distinct_size&quot;:1,&quot;ref&quot;:&quot;refs/heads/master&quot;,&quot;head&quot;:&quot;81e18134569315d7e3a08427bc905b6b686e6b2c&quot;,&quot;before&quot;:&quot;6d26fe684aef339d2838c241b1e004899698a59f&quot;,&quot;commits&quot;:[{&quot;sha&quot;:&quot;81e18134569315d7e3a08427bc905b6b686e6b2c&quot;,&quot;author&quot;:{&quot;email&quot;:&quot;libbysk@gmail.com&quot;,&quot;name&quot;:&quot;libbyschuknight&quot;},&quot;message&quot;:&quot;Animating React Components (vid 22)&quot;,&quot;distinct&quot;:true,&quot;url&quot;:&quot;https://api.github.com/repos/libbyschuknight/catch-of-the-day/commits/81e18134569315d7e3a08427bc905b6b686e6b2c&quot;}]},&quot;public&quot;:true,&quot;created_at&quot;:&quot;2019-06-23T03:34:11Z&quot;},{&quot;id&quot;:&quot;9874664875&quot;,&quot;type&quot;:&quot;PushEvent&quot;,&quot;actor&quot;:{&quot;id&quot;:38171335,&quot;login&quot;:&quot;FlameKat53&quot;,&quot;display_login&quot;:&quot;FlameKat53&quot;,&quot;gravatar_id&quot;:&quot;&quot;,&quot;url&quot;:&quot;https://api.github.com/users/FlameKat53&quot;,&quot;avatar_url&quot;:&quot;https://avatars.githubusercontent.com/u/38171335?&quot;},&quot;repo&quot;:{&quot;id&quot;:193302468,&quot;name&quot;:&quot;Universal-Team/iDex&quot;,&quot;url&quot;:&quot;https://api.github.com/repos/Universal-Team/iDex&quot;},&quot;payload&quot;:{&quot;push_id&quot;:3742885523,&quot;size&quot;:1,&quot;distinct_size&quot;:1,&quot;ref&quot;:&quot;refs/heads/master&quot;,&quot;head&quot;:&quot;6931006b48cc3f012a3c1e2f2ff4ab5f5b94b9a6&quot;,&quot;before&quot;:&quot;95d891459995539a75a9b18cdab6e7b7ab00bba0&quot;,&quot;commits&quot;:[{&quot;sha&quot;:&quot;6931006b48cc3f012a3c1e2f2ff4ab5f5b94b9a6&quot;,&quot;author&quot;:{&quot;email&quot;:&quot;38171335+FlameKat53@users.noreply.github.com&quot;,&quot;name&quot;:&quot;FlameKat53&quot;},&quot;message&quot;:&quot;Delete stringtool.h&quot;,&quot;distinct&quot;:true,&quot;url&quot;:&quot;https://api.github.com/repos/Universal-Team/iDex/commits/6931006b48cc3f012a3c1e2f2ff4ab5f5b94b9a6&quot;}]},&quot;public&quot;:true,&quot;created_at&quot;:&quot;2019-06-23T03:34:11Z&quot;,&quot;org&quot;:{&quot;id&quot;:49733679,&quot;login&quot;:&quot;Universal-Team&quot;,&quot;gravatar_id&quot;:&quot;&quot;,&quot;url&quot;:&quot;https://api.github.com/orgs/Universal-Team&quot;,&quot;avatar_url&quot;:&quot;https://avatars.githubusercontent.com/u/49733679?&quot;}},{&quot;id&quot;:&quot;9874664872&quot;,&quot;type&quot;:&quot;PushEvent&quot;,&quot;actor&quot;:{&quot;id&quot;:49355553,&quot;login&quot;:&quot;nbert100&quot;,&quot;display_login&quot;:&quot;nbert100&quot;,&quot;gravatar_id&quot;:&quot;&quot;,&quot;url&quot;:&quot;https://api.github.com/users/nbert100&quot;,&quot;avatar_url&quot;:&quot;https://avatars.githubusercontent.com/u/49355553?&quot;},&quot;repo&quot;:{&quot;id&quot;:192812443,&quot;name&quot;:&quot;nbert100/ruby-music-library-cli-online-web-pt-051319&quot;,&quot;url&quot;:&quot;https://api.github.com/repos/nbert100/ruby-music-library-cli-online-web-pt-051319&quot;},&quot;payload&quot;:{&quot;push_id&quot;:3742885518,&quot;size&quot;:1,&quot;distinct_size&quot;:1,&quot;ref&quot;:&quot;refs/heads/wip&quot;,&quot;head&quot;:&quot;f71039b05027ddcb1719d6c0b4f6ebd0ff5c47c3&quot;,&quot;before&quot;:&quot;792eb13688d846e99fd1a4ab6868a72dde3e2862&quot;,&quot;commits&quot;:[{&quot;sha&quot;:&quot;f71039b05027ddcb1719d6c0b4f6ebd0ff5c47c3&quot;,&quot;author&quot;:{&quot;email&quot;:&quot;nbert14@gmail.com&quot;,&quot;name&quot;:&quot;Nia Bert&quot;},&quot;message&quot;:&quot;Automatically backed up by Learn&quot;,&quot;distinct&quot;:true,&quot;url&quot;:&quot;https://api.github.com/repos/nbert100/ruby-music-library-cli-online-web-pt-051319/commits/f71039b05027ddcb1719d6c0b4f6ebd0ff5c47c3&quot;}]},&quot;public&quot;:true,&quot;created_at&quot;:&quot;2019-06-23T03:34:11Z&quot;},{&quot;id&quot;:&quot;9874664871&quot;,&quot;type&quot;:&quot;PushEvent&quot;,&quot;actor&quot;:{&quot;id&quot;:37016180,&quot;login&quot;:&quot;cryptozeny&quot;,&quot;display_login&quot;:&quot;cryptozeny&quot;,&quot;gravatar_id&quot;:&quot;&quot;,&quot;url&quot;:&quot;https://api.github.com/users/cryptozeny&quot;,&quot;avatar_url&quot;:&quot;https://avatars.githubusercontent.com/u/37016180?&quot;},&quot;repo&quot;:{&quot;id&quot;:158198313,&quot;name&quot;:&quot;sugarchain-project/sugarchain-seeder&quot;,&quot;url&quot;:&quot;https://api.github.com/repos/sugarchain-project/sugarchain-seeder&quot;},&quot;payload&quot;:{&quot;push_id&quot;:3742885517,&quot;size&quot;:1,&quot;distinct_size&quot;:1,&quot;ref&quot;:&quot;refs/heads/try1&quot;,&quot;head&quot;:&quot;9ee775c063405bc9dc0882e7d3d8278fe741b46e&quot;,&quot;before&quot;:&quot;3895f7928ebff459965450f72d4bd2962dec680c&quot;,&quot;commits&quot;:[{&quot;sha&quot;:&quot;9ee775c063405bc9dc0882e7d3d8278fe741b46e&quot;,&quot;author&quot;:{&quot;email&quot;:&quot;cryptozeny@gmail.com&quot;,&quot;name&quot;:&quot;cryptozeny&quot;},&quot;message&quot;:&quot;REQUIRE_VERSION 70015&quot;,&quot;distinct&quot;:true,&quot;url&quot;:&quot;https://api.github.com/repos/sugarchain-project/sugarchain-seeder/commits/9ee775c063405bc9dc0882e7d3d8278fe741b46e&quot;}]},&quot;public&quot;:true,&quot;created_at&quot;:&quot;2019-06-23T03:34:11Z&quot;,&quot;org&quot;:{&quot;id&quot;:44837450,&quot;login&quot;:&quot;sugarchain-project&quot;,&quot;gravatar_id&quot;:&quot;&quot;,&quot;url&quot;:&quot;https://api.github.com/orgs/sugarchain-project&quot;,&quot;avatar_url&quot;:&quot;https://avatars.githubusercontent.com/u/44837450?&quot;}},{&quot;id&quot;:&quot;9874664870&quot;,&quot;type&quot;:&quot;CreateEvent&quot;,&quot;actor&quot;:{&quot;id&quot;:52018829,&quot;login&quot;:&quot;hrvyzou&quot;,&quot;display_login&quot;:&quot;hrvyzou&quot;,&quot;gravatar_id&quot;:&quot;&quot;,&quot;url&quot;:&quot;https://api.github.com/users/hrvyzou&quot;,&quot;avatar_url&quot;:&quot;https://avatars.githubusercontent.com/u/52018829?&quot;},&quot;repo&quot;:{&quot;id&quot;:193302243,&quot;name&quot;:&quot;hrvyzou/spring-data-pagingandsortingrepository&quot;,&quot;url&quot;:&quot;https://api.github.com/repos/hrvyzou/spring-data-pagingandsortingrepository&quot;},&quot;payload&quot;:{&quot;ref&quot;:&quot;master&quot;,&quot;ref_type&quot;:&quot;branch&quot;,&quot;master_branch&quot;:&quot;master&quot;,&quot;description&quot;:&quot;Spring Data之PagingAndSortingRepository接口的排序查询和分页查询练习&quot;,&quot;pusher_type&quot;:&quot;user&quot;},&quot;public&quot;:true,&quot;created_at&quot;:&quot;2019-06-23T03:34:11Z&quot;},{&quot;id&quot;:&quot;9874664867&quot;,&quot;type&quot;:&quot;CreateEvent&quot;,&quot;actor&quot;:{&quot;id&quot;:16470795,&quot;login&quot;:&quot;lemanhhai1310&quot;,&quot;display_login&quot;:&quot;lemanhhai1310&quot;,&quot;gravatar_id&quot;:&quot;&quot;,&quot;url&quot;:&quot;https://api.github.com/users/lemanhhai1310&quot;,&quot;avatar_url&quot;:&quot;https://avatars.githubusercontent.com/u/16470795?&quot;},&quot;repo&quot;:{&quot;id&quot;:193302525,&quot;name&quot;:&quot;lemanhhai1310/html.giacongsystem&quot;,&quot;url&quot;:&quot;https://api.github.com/repos/lemanhhai1310/html.giacongsystem&quot;},&quot;payload&quot;:{&quot;ref&quot;:null,&quot;ref_type&quot;:&quot;repository&quot;,&quot;master_branch&quot;:&quot;master&quot;,&quot;description&quot;:null,&quot;pusher_type&quot;:&quot;user&quot;},&quot;public&quot;:true,&quot;created_at&quot;:&quot;2019-06-23T03:34:11Z&quot;},{&quot;id&quot;:&quot;9874664866&quot;,&quot;type&quot;:&quot;CreateEvent&quot;,&quot;actor&quot;:{&quot;id&quot;:48865942,&quot;login&quot;:&quot;Hirudam&quot;,&quot;display_login&quot;:&quot;Hirudam&quot;,&quot;gravatar_id&quot;:&quot;&quot;,&quot;url&quot;:&quot;https://api.github.com/users/Hirudam&quot;,&quot;avatar_url&quot;:&quot;https://avatars.githubusercontent.com/u/48865942?&quot;},&quot;repo&quot;:{&quot;id&quot;:193302522,&quot;name&quot;:&quot;Hirudam/Python&quot;,&quot;url&quot;:&quot;https://api.github.com/repos/Hirudam/Python&quot;},&quot;payload&quot;:{&quot;ref&quot;:&quot;master&quot;,&quot;ref_type&quot;:&quot;branch&quot;,&quot;master_branch&quot;:&quot;master&quot;,&quot;description&quot;:&quot;Alguns códigos em Python que me renderam um certo orgulho&quot;,&quot;pusher_type&quot;:&quot;user&quot;},&quot;public&quot;:true,&quot;created_at&quot;:&quot;2019-06-23T03:34:11Z&quot;},{&quot;id&quot;:&quot;9874664864&quot;,&quot;type&quot;:&quot;CreateEvent&quot;,&quot;actor&quot;:{&quot;id&quot;:7041324,&quot;login&quot;:&quot;panoply&quot;,&quot;display_login&quot;:&quot;panoply&quot;,&quot;gravatar_id&quot;:&quot;&quot;,&quot;url&quot;:&quot;https://api.github.com/users/panoply&quot;,&quot;avatar_url&quot;:&quot;https://avatars.githubusercontent.com/u/7041324?&quot;},&quot;repo&quot;:{&quot;id&quot;:164123846,&quot;name&quot;:&quot;panoply/vscode-liquid&quot;,&quot;url&quot;:&quot;https://api.github.com/repos/panoply/vscode-liquid&quot;},&quot;payload&quot;:{&quot;ref&quot;:&quot;v2.0.0&quot;,&quot;ref_type&quot;:&quot;branch&quot;,&quot;master_branch&quot;:&quot;master&quot;,&quot;description&quot;:&quot;💧Liquid language support for VS Code&quot;,&quot;pusher_type&quot;:&quot;user&quot;},&quot;public&quot;:true,&quot;created_at&quot;:&quot;2019-06-23T03:34:11Z&quot;},{&quot;id&quot;:&quot;9874664863&quot;,&quot;type&quot;:&quot;PushEvent&quot;,&quot;actor&quot;:{&quot;id&quot;:39814207,&quot;login&quot;:&quot;pull[bot]&quot;,&quot;display_login&quot;:&quot;pull&quot;,&quot;gravatar_id&quot;:&quot;&quot;,&quot;url&quot;:&quot;https://api.github.com/users/pull[bot]&quot;,&quot;avatar_url&quot;:&quot;https://avatars.githubusercontent.com/u/39814207?&quot;},&quot;repo&quot;:{&quot;id&quot;:165254886,&quot;name&quot;:&quot;Iamshankhadeep/FFmpeg&quot;,&quot;url&quot;:&quot;https://api.github.com/repos/Iamshankhadeep/FFmpeg&quot;},&quot;payload&quot;:{&quot;push_id&quot;:3742885511,&quot;size&quot;:3,&quot;distinct_size&quot;:3,&quot;ref&quot;:&quot;refs/heads/master&quot;,&quot;head&quot;:&quot;70baf729b536be532ef1de9a28b584f19e62eeeb&quot;,&quot;before&quot;:&quot;1beeb3b877d00385c80b1750b45fa4f5e2d96301&quot;,&quot;commits&quot;:[{&quot;sha&quot;:&quot;07d4056052081b0157cf529dc2708834f8df9885&quot;,&quot;author&quot;:{&quot;email&quot;:&quot;andreas.rheinhardt@gmail.com&quot;,&quot;name&quot;:&quot;Andreas Rheinhardt&quot;},&quot;message&quot;:&quot;avformat/matroskadec: Don\'t copy attached pictures\\n\\nThis commit replaces copying attached pictures by using references to\\nthe already existing buffers.\\n\\nSigned-off-by: Andreas Rheinhardt &lt;andreas.rheinhardt@gmail.com&gt;&quot;,&quot;distinct&quot;:true,&quot;url&quot;:&quot;https://api.github.com/repos/Iamshankhadeep/FFmpeg/commits/07d4056052081b0157cf529dc2708834f8df9885&quot;},{&quot;sha&quot;:&quot;e5ec1318562cba507171e4af74da65d2d45764dd&quot;,&quot;author&quot;:{&quot;email&quot;:&quot;andreas.rheinhardt@gmail.com&quot;,&quot;name&quot;:&quot;Andreas Rheinhardt&quot;},&quot;message&quot;:&quot;avformat/matroskadec: Use generic size check for signed integers\\n\\nand drop the redundant checks contained in ebml_read_uint and\\nebml_read_sint.\\n\\nSigned-off-by: Andreas Rheinhardt &lt;andreas.rheinhardt@gmail.com&gt;&quot;,&quot;distinct&quot;:true,&quot;url&quot;:&quot;https://api.github.com/repos/Iamshankhadeep/FFmpeg/commits/e5ec1318562cba507171e4af74da65d2d45764dd&quot;},{&quot;sha&quot;:&quot;70baf729b536be532ef1de9a28b584f19e62eeeb&quot;,&quot;author&quot;:{&quot;email&quot;:&quot;andreas.rheinhardt@gmail.com&quot;,&quot;name&quot;:&quot;Andreas Rheinhardt&quot;},&quot;message&quot;:&quot;avformat/matroskadec: Remove non-incremental parsing of clusters\\n\\nWhen the new incremental parser was introduced, the old parser was\\nkept, because the new parser was unable to handle the way SSA packets\\nare put into Matroska. But since 2014 (since c7d8dbad) this is no\\nlonger needed, so that the old parser can be completely removed.\\n\\nSigned-off-by: Andreas Rheinhardt &lt;andreas.rheinhardt@gmail.com&gt;&quot;,&quot;distinct&quot;:true,&quot;url&quot;:&quot;https://api.github.com/repos/Iamshankhadeep/FFmpeg/commits/70baf729b536be532ef1de9a28b584f19e62eeeb&quot;}]},&quot;public&quot;:true,&quot;created_at&quot;:&quot;2019-06-23T03:34:11Z&quot;},{&quot;id&quot;:&quot;9874664860&quot;,&quot;type&quot;:&quot;PullRequestEvent&quot;,&quot;actor&quot;:{&quot;id&quot;:39814207,&quot;login&quot;:&quot;pull[bot]&quot;,&quot;display_login&quot;:&quot;pull&quot;,&quot;gravatar_id&quot;:&quot;&quot;,&quot;url&quot;:&quot;https://api.github.com/users/pull[bot]&quot;,&quot;avatar_url&quot;:&quot;https://avatars.githubusercontent.com/u/39814207?&quot;},&quot;repo&quot;:{&quot;id&quot;:165254886,&quot;name&quot;:&quot;Iamshankhadeep/FFmpeg&quot;,&quot;url&quot;:&quot;https://api.github.com/repos/Iamshankhadeep/FFmpeg&quot;},&quot;payload&quot;:{&quot;action&quot;:&quot;closed&quot;,&quot;number&quot;:173,&quot;pull_request&quot;:{&quot;url&quot;:&quot;https://api.github.com/repos/Iamshankhadeep/FFmpeg/pulls/173&quot;,&quot;id&quot;:290861592,&quot;node_id&quot;:&quot;MDExOlB1bGxSZXF1ZXN0MjkwODYxNTky&quot;,&quot;html_url&quot;:&quot;https://github.com/Iamshankhadeep/FFmpeg/pull/173&quot;,&quot;diff_url&quot;:&quot;https://github.com/Iamshankhadeep/FFmpeg/pull/173.diff&quot;,&quot;patch_url&quot;:&quot;https://github.com/Iamshankhadeep/FFmpeg/pull/173.patch&quot;,&quot;issue_url&quot;:&quot;https://api.github.com/repos/Iamshankhadeep/FFmpeg/issues/173&quot;,&quot;number&quot;:173,&quot;state&quot;:&quot;closed&quot;,&quot;locked&quot;:false,&quot;title&quot;:&quot;[pull] master from FFmpeg:master&quot;,&quot;user&quot;:{&quot;login&quot;:&quot;pull[bot]&quot;,&quot;id&quot;:39814207,&quot;node_id&quot;:&quot;MDM6Qm90Mzk4MTQyMDc=&quot;,&quot;avatar_url&quot;:&quot;https://avatars0.githubusercontent.com/in/12910?v=4&quot;,&quot;gravatar_id&quot;:&quot;&quot;,&quot;url&quot;:&quot;https://api.github.com/users/pull%5Bbot%5D&quot;,&quot;html_url&quot;:&quot;https://github.com/apps/pull&quot;,&quot;followers_url&quot;:&quot;https://api.github.com/users/pull%5Bbot%5D/followers&quot;,&quot;following_url&quot;:&quot;https://api.github.com/users/pull%5Bbot%5D/following{/other_user}&quot;,&quot;gists_url&quot;:&quot;https://api.github.com/users/pull%5Bbot%5D/gists{/gist_id}&quot;,&quot;starred_url&quot;:&quot;https://api.github.com/users/pull%5Bbot%5D/starred{/owner}{/repo}&quot;,&quot;subscriptions_url&quot;:&quot;https://api.github.com/users/pull%5Bbot%5D/subscriptions&quot;,&quot;organizations_url&quot;:&quot;https://api.github.com/users/pull%5Bbot%5D/orgs&quot;,&quot;repos_url&quot;:&quot;https://api.github.com/users/pull%5Bbot%5D/repos&quot;,&quot;events_url&quot;:&quot;https://api.github.com/users/pull%5Bbot%5D/events{/privacy}&quot;,&quot;received_events_url&quot;:&quot;https://api.github.com/users/pull%5Bbot%5D/received_events&quot;,&quot;type&quot;:&quot;Bot&quot;,&quot;site_admin&quot;:false},&quot;body&quot;:&quot;See [Commits](/Iamshankhadeep/FFmpeg/pull/173/commits) and [Changes](/Iamshankhadeep/FFmpeg/pull/173/files) for more details.\\n\\n-----\\nCreated by [&lt;img src=\\&quot;https://prod.download/pull-18h-svg\\&quot; valign=\\&quot;bottom\\&quot;/&gt; **pull[bot]**](https://github.com/wei/pull). Want to support this open source service? [Please star it : )](https://github.com/wei/pull)&quot;,&quot;created_at&quot;:&quot;2019-06-23T03:34:06Z&quot;,&quot;updated_at&quot;:&quot;2019-06-23T03:34:10Z&quot;,&quot;closed_at&quot;:&quot;2019-06-23T03:34:10Z&quot;,&quot;merged_at&quot;:&quot;2019-06-23T03:34:10Z&quot;,&quot;merge_commit_sha&quot;:&quot;70baf729b536be532ef1de9a28b584f19e62eeeb&quot;,&quot;assignee&quot;:null,&quot;assignees&quot;:[],&quot;requested_reviewers&quot;:[],&quot;requested_teams&quot;:[],&quot;labels&quot;:[{&quot;id&quot;:1341053326,&quot;node_id&quot;:&quot;MDU6TGFiZWwxMzQxMDUzMzI2&quot;,&quot;url&quot;:&quot;https://api.github.com/repos/Iamshankhadeep/FFmpeg/labels/:arrow_heading_down:%20pull&quot;,&quot;name&quot;:&quot;:arrow_heading_down: pull&quot;,&quot;color&quot;:&quot;ededed&quot;,&quot;default&quot;:false}],&quot;milestone&quot;:null,&quot;commits_url&quot;:&quot;https://api.github.com/repos/Iamshankhadeep/FFmpeg/pulls/173/commits&quot;,&quot;review_comments_url&quot;:&quot;https://api.github.com/repos/Iamshankhadeep/FFmpeg/pulls/173/comments&quot;,&quot;review_comment_url&quot;:&quot;https://api.github.com/repos/Iamshankhadeep/FFmpeg/pulls/comments{/number}&quot;,&quot;comments_url&quot;:&quot;https://api.github.com/repos/Iamshankhadeep/FFmpeg/issues/173/comments&quot;,&quot;statuses_url&quot;:&quot;https://api.github.com/repos/Iamshankhadeep/FFmpeg/statuses/70baf729b536be532ef1de9a28b584f19e62eeeb&quot;
[...]
177,"login":"Lombiq","gravatar_id":"","url":"https://api.github.com/orgs/Lombiq","avatar_url":"https://avatars.githubusercontent.com/u/8158177?"}},{"id":"9874664924","type":"WatchEvent","actor":{"id":32610547,"login":"biseshbhattarai","display_login":"biseshbhattarai","gravatar_id":"","url":"https://api.github.com/users/biseshbhattarai","avatar_url":"https://avatars.githubusercontent.com/u/32610547?"},"repo":{"id":102831653,"name":"codedbrain/JSobsfucator","url":"https://api.github.com/repos/codedbrain/JSobsfucator"},"payload":{"action":"started"},"public":true,"created_at":"2019-06-23T03:34:14Z"},{"id":"9874664922","type":"PushEvent","actor":{"id":13577797,"login":"NeilAllavarpu","display_login":"NeilAllavarpu","gravatar_id":"","url":"https://api.github.com/users/NeilAllavarpu","avatar_url":"https://avatars.githubusercontent.com/u/13577797?"},"repo":{"id":158618762,"name":"NeilAllavarpu/Mines","url":"https://api.github.com/repos/NeilAllavarpu/Mines"},"payload":{"push_id":3742885548,"size":1,"distinct_size":1,"ref":"refs/heads/master","head":"dbf829512916499bba302b72f5897b9f1109fc2d","before":"35c2fc205c994c35df741f4a9bf5b03f728f11f2","commits":[{"sha":"dbf829512916499bba302b72f5897b9f1109fc2d","author":{"email":"allavarpuneil@gmail.com","name":"Neil Allavarpu"},"message":"general updates","distinct":true,"url":"https://api.github.com/repos/NeilAllavarpu/Mines/commits/dbf829512916499bba302b72f5897b9f1109fc2d"}]},"public":true,"created_at":"2019-06-23T03:34:14Z"},{"id":"9874664921","type":"IssuesEvent","actor":{"id":52118243,"login":"V2Blast","display_login":"V2Blast","gravatar_id":"","url":"https://api.github.com/users/V2Blast","avatar_url":"https://avatars.githubusercontent.com/u/52118243?"},"repo":{"id":164234707,"name":"AshleyMoni/Lancer-Community-Edition","url":"https://api.github.com/repos/AshleyMoni/Lancer-Community-Edition"},"payload":{"action":"opened","issue":{"url":"https://api.github.com/repos/AshleyMoni/Lancer-Community-Edition/issues/276","repository_url":"https://api.github.com/repos/AshleyMoni/Lancer-Community-Edition","labels_url":"https://api.github.com/repos/AshleyMoni/Lancer-Community-Edition/issues/276/labels{/name}","comments_url":"https://api.github.com/repos/AshleyMoni/Lancer-Community-Edition/issues/276/comments","events_url":"https://api.github.com/repos/AshleyMoni/Lancer-Community-Edition/issues/276/events","html_url":"https://github.com/AshleyMoni/Lancer-Community-Edition/issues/276","id":459532479,"node_id":"MDU6SXNzdWU0NTk1MzI0Nzk=","number":276,"title":"[Typo] \\"succesfully\\" should be \\"successfully\\"","user":{"login":"V2Blast","id":52118243,"node_id":"MDQ6VXNlcjUyMTE4MjQz","avatar_url":"https://avatars2.githubusercontent.com/u/52118243?v=4","gravatar_id":"","url":"https://api.github.com/users/V2Blast","html_url":"https://github.com/V2Blast","followers_url":"https://api.github.com/users/V2Blast/followers","following_url":"https://api.github.com/users/V2Blast/following{/other_user}","gists_url":"https://api.github.com/users/V2Blast/gists{/gist_id}","starred_url":"https://api.github.com/users/V2Blast/starred{/owner}{/repo}","subscriptions_url":"https://api.github.com/users/V2Blast/subscriptions","organizations_url":"https://api.github.com/users/V2Blast/orgs","repos_url":"https://api.github.com/users/V2Blast/repos","events_url":"https://api.github.com/users/V2Blast/events{/privacy}","received_events_url":"https://api.github.com/users/V2Blast/received_events","type":"User","site_admin":false},"labels":[],"state":"open","locked":false,"assignee":null,"assignees":[],"milestone":null,"comments":0,"created_at":"2019-06-23T03:34:13Z","updated_at":"2019-06-23T03:34:13Z","closed_at":null,"author_association":"NONE","body":"**The Problem:**\\r\\nThe 3rd bullet point under \\"Stakes\\" reads (emphasis mine): \\"Will the players **succesfully** escort the Union DoJ/HR Salvation convoy through the raider-plagued Shatir Reef, or will the humanitarian convoy be torn to pieces like so many others?\\"\\r\\n\\r\\n**The Solution:**\\r\\nIt should read (emphasis mine): \\"Will the players **successfully** escort the Union DoJ/HR Salvation convoy through the raider-plagued Shatir Reef, or will the humanitarian convoy be torn to pieces like so many others?\\"\\r\\n\\r\\n**The Location:**\\r\\np. 64, 3rd bullet point\\r\\n"}},"public":true,"created_at":"2019-06-23T03:34:13Z"},{"id":"9874664919","type":"PushEvent","actor":{"id":49375244,"login":"pariscornett","display_login":"pariscornett","gravatar_id":"","url":"https://api.github.com/users/pariscornett","avatar_url":"https://avatars.githubusercontent.com/u/49375244?"},"repo":{"id":193289704,"name":"pariscornett/Tip-Calculator","url":"https://api.github.com/repos/pariscornett/Tip-Calculator"},"payload":{"push_id":3742885547,"size":1,"distinct_size":1,"ref":"refs/heads/master","head":"b0e2c8a37479a55fa6f523924ecf8cd8f169ea31","before":"b93421b785f65df191340f3443f64f8124421edf","commits":[{"sha":"b0e2c8a37479a55fa6f523924ecf8cd8f169ea31","author":{"email":"pariscornett@gmail.com","name":"Paris Cornett"},"message":"added code to empty form upon clicking submit :matrix:","distinct":true,"url":"https://api.github.com/repos/pariscornett/Tip-Calculator/commits/b0e2c8a37479a55fa6f523924ecf8cd8f169ea31"}]},"public":true,"created_at":"2019-06-23T03:34:13Z"},{"id":"9874664913","type":"CreateEvent","actor":{"id":94559,"login":"ellisgl","display_login":"ellisgl","gravatar_id":"","url":"https://api.github.com/users/ellisgl","avatar_url":"https://avatars.githubusercontent.com/u/94559?"},"repo":{"id":111272104,"name":"ellisgl/GeekLab-GLPDO2","url":"https://api.github.com/repos/ellisgl/GeekLab-GLPDO2"},"payload":{"ref":"2.0.2","ref_type":"tag","master_branch":"master","description":"PHP >= 7.2 PDO Wrapper for Easy and Proper Bindings.","pusher_type":"user"},"public":true,"created_at":"2019-06-23T03:34:13Z"},{"id":"9874664910","type":"IssueCommentEvent","actor":{"id":52118709,"login":"kev005","display_login":"kev005","gravatar_id":"","url":"https://api.github.com/users/kev005","avatar_url":"https://avatars.githubusercontent.com/u/52118709?"},"repo":{"id":178380852,"name":"flathub/com.unity.UnityHub","url":"https://api.github.com/repos/flathub/com.unity.UnityHub"},"payload":{"action":"created","issue":{"url":"https://api.github.com/repos/flathub/com.unity.UnityHub/issues/6","repository_url":"https://api.github.com/repos/flathub/com.unity.UnityHub","labels_url":"https://api.github.com/repos/flathub/com.unity.UnityHub/issues/6/labels{/name}","comments_url":"https://api.github.com/repos/flathub/com.unity.UnityHub/issues/6/comments","events_url":"https://api.github.com/repos/flathub/com.unity.UnityHub/issues/6/events","html_url":"https://github.com/flathub/com.unity.UnityHub/issues/6","id":443741713,"node_id":"MDU6SXNzdWU0NDM3NDE3MTM=","number":6,"title":"Wrong size for extra data error","user":{"login":"brogan89","id":8637789,"node_id":"MDQ6VXNlcjg2Mzc3ODk=","avatar_url":"https://avatars3.githubusercontent.com/u/8637789?v=4","gravatar_id":"","url":"https://api.github.com/users/brogan89","html_url":"https://github.com/brogan89","followers_url":"https://api.github.com/users/brogan89/followers","following_url":"https://api.github.com/users/brogan89/following{/other_user}","gists_url":"https://api.github.com/users/brogan89/gists{/gist_id}","starred_url":"https://api.github.com/users/brogan89/starred{/owner}{/repo}","subscriptions_url":"https://api.github.com/users/brogan89/subscriptions","organizations_url":"https://api.github.com/users/brogan89/orgs","repos_url":"https://api.github.com/users/brogan89/repos","events_url":"https://api.github.com/users/brogan89/events{/privacy}","received_events_url":"https://api.github.com/users/brogan89/received_events","type":"User","site_admin":false},"labels":[],"state":"closed","locked":false,"assignee":null,"assignees":[],"milestone":null,"comments":4,"created_at":"2019-05-14T06:57:29Z","updated_at":"2019-06-23T03:34:13Z","closed_at":"2019-05-15T22:42:34Z","author_association":"NONE","body":"when trying to install im getting \\"Error: Failed to install com.unity.UnityHub/x86_64/stable: Wrong size for extra data https://public-cdn.cloud.unity3d.com/hub/prod/UnityHubSetup.AppImage\\""},"comment":{"url":"https://api.github.com/repos/flathub/com.unity.UnityHub/issues/comments/504716578","html_url":"https://github.com/flathub/com.unity.UnityHub/issues/6#issuecomment-504716578","issue_url":"https://api.github.com/repos/flathub/com.unity.UnityHub/issues/6","id":504716578,"node_id":"MDEyOklzc3VlQ29tbWVudDUwNDcxNjU3OA==","user":{"login":"kev005","id":52118709,"node_id":"MDQ6VXNlcjUyMTE4NzA5","avatar_url":"https://avatars2.githubusercontent.com/u/52118709?v=4","gravatar_id":"","url":"https://api.github.com/users/kev005","html_url":"https://github.com/kev005","followers_url":"https://api.github.com/users/kev005/followers","following_url":"https://api.github.com/users/kev005/following{/other_user}","gists_url":"https://api.github.com/users/kev005/gists{/gist_id}","starred_url":"https://api.github.com/users/kev005/starred{/owner}{/repo}","subscriptions_url":"https://api.github.com/users/kev005/subscriptions","organizations_url":"https://api.github.com/users/kev005/orgs","repos_url":"https://api.github.com/users/kev005/repos","events_url":"https://api.github.com/users/kev005/events{/privacy}","received_events_url":"https://api.github.com/users/kev005/received_events","type":"User","site_admin":false},"created_at":"2019-06-23T03:34:13Z","updated_at":"2019-06-23T03:34:13Z","author_association":"NONE","body":"As of June 22, the failure is back for UnityHub 2.0.1 flatpak:\\r\\n\\r\\n$ flatpak install flathub com.unity.UnityHub\\r\\nInstalling in system:\\r\\ncom.unity.UnityHub/x86_64/stable                  flathub 1624cc7b5bef\\r\\n  permissions: ipc, network, pulseaudio, x11, dri, multiarch\\r\\n  file access: host\\r\\n  dbus access: org.freedesktop.Flatpak, org.gnome.Software\\r\\n  tags: proprietary\\r\\norg.freedesktop.Platform.Compat.i386/x86_64/18.08 flathub fb16d111c6b5\\r\\nIs this ok [y/n]: y\\r\\nInstalling: com.unity.UnityHub/x86_64/stable from flathub\\r\\n[####################] Downloading files: 1/1 58.1 MB (3.1 MB/s)         \\r\\nerror: Failed to install com.unity.UnityHub/x86_64/stable: Wrong size for extra data https://public-cdn.cloud.unity3d.com/hub/prod/UnityHubSetup.AppImage\\r\\n"}},"public":true,"created_at":"2019-06-23T03:34:13Z","org":{"id":27268838,"login":"flathub","gravatar_id":"","url":"https://api.github.com/orgs/flathub","avatar_url":"https://avatars.githubusercontent.com/u/27268838?"}},{"id":"9874664909","type":"PushEvent","actor":{"id":94559,"login":"ellisgl","display_login":"ellisgl","gravatar_id":"","url":"https://api.github.com/users/ellisgl","avatar_url":"https://avatars.githubusercontent.com/u/94559?"},"repo":{"id":111272104,"name":"ellisgl/GeekLab-GLPDO2","url":"https://api.github.com/repos/ellisgl/GeekLab-GLPDO2"},"payload":{"push_id":3742885542,"size":1,"distinct_size":1,"ref":"refs/heads/master","head":"fea11980d37197e8ec871617e955a841c3334aaf","before":"5208b825f4f82bdf32df55b71aad10f51521a172","commits":[{"sha":"fea11980d37197e8ec871617e955a841c3334aaf","author":{"email":"xelliss@gmail.com","name":"ellisgl"},"message":"Version bump.","distinct":true,"url":"https://api.github.com/repos/ellisgl/GeekLab-GLPDO2/commits/fea11980d37197e8ec871617e955a841c3334aaf"}]},"public":true,"created_at":"2019-06-23T03:34:13Z"},{"id":"9874664907","type":"PushEvent","actor":{"id":24703459,"login":"TDHTTTT","display_login":"TDHTTTT","gravatar_id":"","url":"https://api.github.com/users/TDHTTTT","avatar_url":"https://avatars.githubusercontent.com/u/24703459?"},"repo":{"id":193196723,"name":"TDHTTTT/keiraz.com","url":"https://api.github.com/repos/TDHTTTT/keiraz.com"},"payload":{"push_id":3742885543,"size":1,"distinct_size":1,"ref":"refs/heads/master","head":"6dfcc774841c8d75b07100e13ebafa62961bacaa","before":"ac601d6fa2ec8f46d0258e1e2acf9e8687ab345c","commits":[{"sha":"6dfcc774841c8d75b07100e13ebafa62961bacaa","author":{"email":"tdhttt@hotmail.com","name":"TDHTTTT"},"message":"font weight update","distinct":true,"url":"https://api.github.com/repos/TDHTTTT/keiraz.com/commits/6dfcc774841c8d75b07100e13ebafa62961bacaa"}]},"public":true,"created_at":"2019-06-23T03:34:13Z"},{"id":"9874664906","type":"PushEvent","actor":{"id":50639475,"login":"cryptobigbro","display_login":"cryptobigbro","gravatar_id":"","url":"https://api.github.com/users/cryptobigbro","avatar_url":"https://avatars.githubusercontent.com/u/50639475?"},"repo":{"id":188757731,"name":"cryptobigbro/binance-HOTBTC","url":"https://api.github.com/repos/cryptobigbro/binance-HOTBTC"},"payload":{"push_id":3742885541,"size":1,"distinct_size":1,"ref":"refs/heads/master","head":"97d16fa4705fd1a035d11b693ff59467d69d9409","before":"270b9a72926289b5937d617af2fd611cad44d45e","commits":[{"sha":"97d16fa4705fd1a035d11b693ff59467d69d9409","author":{"email":"cryptobigbro@gmail.com","name":"cryptobigbro"},"message":"Update OHLCV data.","distinct":true,"url":"https://api.github.com/repos/cryptobigbro/binance-HOTBTC/commits/97d16fa4705fd1a035d11b693ff59467d69d9409"}]},"public":true,"created_at":"2019-06-23T03:34:13Z"},{"id":"9874664908","type":"ForkEvent","actor":{"id":9262361,"login":"SudSharma","display_login":"SudSharma","gravatar_id":"","url":"https://api.github.com/users/SudSharma","avatar_url":"https://avatars.githubusercontent.com/u/9262361?"},"repo":{"id":1699117,"name":"ajasmin/camstudio-mousedown-highlight","url":"https://api.github.com/repos/ajasmin/camstudio-mousedown-highlight"},"payload":{"forkee":{"id":193302528,"node_id":"MDEwOlJlcG9zaXRvcnkxOTMzMDI1Mjg=","name":"camstudio-mousedown-highlight","full_name":"SudSharma/camstudio-mousedown-highlight","private":false,"owner":{"login":"SudSharma","id":9262361,"node_id":"MDQ6VXNlcjkyNjIzNjE=","avatar_url":"https://avatars0.githubusercontent.com/u/9262361?v=4","gravatar_id":"","url":"https://api.github.com/users/SudSharma","html_url":"https://github.com/SudSharma","followers_url":"https://api.github.com/users/SudSharma/followers","following_url":"https://api.github.com/users/SudSharma/following{/other_user}","gists_url":"https://api.github.com/users/SudSharma/gists{/gist_id}","starred_url":"https://api.github.com/users/SudSharma/starred{/owner}{/repo}","subscriptions_url":"https://api.github.com/users/SudSharma/subscriptions","organizations_url":"https://api.github.com/users/SudSharma/orgs","repos_url":"https://api.github.com/users/SudSharma/repos","events_url":"https://api.github.com/users/SudSharma/events{/privacy}","received_events_url":"https://api.github.com/users/SudSharma/received_events","type":"User","site_admin":false},"html_url":"https://github.com/SudSharma/camstudio-mousedown-highlight","description":"Modify CamStudio so that the cursor highlight is only displayed when the mouse button is pressed","fork":true,"url":"https://api.github.com/repos/SudSharma/camstudio-mousedown-highlight","forks_url":"https://api.github.com/repos/SudSharma/camstudio-mousedown-highlight/forks","keys_url":"https://api.github.com/repos/SudSharma/camstudio-mousedown-highlight/keys{/key_id}","collaborators_url":"https://api.github.com/repos/SudSharma/camstudio-mousedown-highlight/collaborators{/collaborator}","teams_url":"https://api.github.com/repos/SudSharma/camstudio-mousedown-highlight/teams","hooks_url":"https://api.github.com/repos/SudSharma/camstudio-mousedown-highlight/hooks","issue_events_url":"https://api.github.com/repos/SudSharma/camstudio-mousedown-highlight/issues/events{/number}","events_url":"https://api.github.com/repos/SudSharma/camstudio-mousedown-highlight/events","assignees_url":"https://api.github.com/repos/SudSharma/camstudio-mousedown-highlight/assignees{/user}","branches_url":"https://api.github.com/repos/SudSharma/camstudio-mousedown-highlight/branches{/branch}","tags_url":"https://api.github.com/repos/SudSharma/camstudio-mousedown-highlight/tags","blobs_url":"https://api.github.com/repos/SudSharma/camstudio-mousedown-highlight/git/blobs{/sha}","git_tags_url":"https://api.github.com/repos/SudSharma/camstudio-mousedown-highlight/git/tags{/sha}","git_refs_url":"https://api.github.com/repos/SudSharma/camstudio-mousedown-highlight/git/refs{/sha}","trees_url":"https://api.github.com/repos/SudSharma/camstudio-mousedown-highlight/git/trees{/sha}","statuses_url":"https://api.github.com/repos/SudSharma/camstudio-mousedown-highlight/statuses/{sha}","languages_url":"https://api.github.com/repos/SudSharma/camstudio-mousedown-highlight/languages","stargazers_url":"https://api.github.com/repos/SudSharma/camstudio-mousedown-highlight/stargazers","contributors_url":"https://api.github.com/repos/SudSharma/camstudio-mousedown-highlight/contributors","subscribers_url":"https://api.github.com/repos/SudSharma/camstudio-mousedown-highlight/subscribers","subscription_url":"https://api.github.com/repos/SudSharma/camstudio-mousedown-highlight/subscription","commits_url":"https://api.github.com/repos/SudSharma/camstudio-mousedown-highlight/commits{/sha}","git_commits_url":"https://api.github.com/repos/SudSharma/camstudio-mousedown-highlight/git/commits{/sha}","comments_url":"https://api.github.com/repos/SudSharma/camstudio-mousedown-highlight/comments{/number}","issue_comment_url":"https://api.github.com/repos/SudSharma/camstudio-mousedown-highlight/issues/comments{/number}","contents_url":"https://api.github.com/repos/SudSharma/camstudio-mousedown-highlight/contents/{+path}","compare_url":"https://api.github.com/repos/SudSharma/camstudio-mousedown-highlight/compare/{base}...{head}","merges_url":"https://api.github.com/repos/SudSharma/camstudio-mousedown-highlight/merges","archive_url":"https://api.github.com/repos/SudSharma/camstudio-mousedown-highlight/{archive_format}{/ref}","downloads_url":"https://api.github.com/repos/SudSharma/camstudio-mousedown-highlight/downloads","issues_url":"https://api.github.com/repos/SudSharma/camstudio-mousedown-highlight/issues{/number}","pulls_url":"https://api.github.com/repos/SudSharma/camstudio-mousedown-highlight/pulls{/number}","milestones_url":"https://api.github.com/repos/SudSharma/camstudio-mousedown-highlight/milestones{/number}","notifications_url":"https://api.github.com/repos/SudSharma/camstudio-mousedown-highlight/notifications{?since,all,participating}","labels_url":"https://api.github.com/repos/SudSharma/camstudio-mousedown-highlight/labels{/name}","releases_url":"https://api.github.com/repos/SudSharma/camstudio-mousedown-highlight/releases{/id}","deployments_url":"https://api.github.com/repos/SudSharma/camstudio-mousedown-highlight/deployments","created_at":"2019-06-23T03:34:13Z","updated_at":"2018-11-30T23:03:19Z","pushed_at":"2011-07-22T08:40:25Z","git_url":"git://github.com/SudSharma/camstudio-mousedown-highlight.git","ssh_url":"git@github.com:SudSharma/camstudio-mousedown-highlight.git","clone_url":"https://github.com/SudSharma/camstudio-mousedown-highlight.git","svn_url":"https://github.com/SudSharma/camstudio-mousedown-highlight","homepage":"","size":2799,"stargazers_count":0,"watchers_count":0,"language":null,"has_issues":false,"has_projects":true,"has_downloads":true,"has_wiki":true,"has_pages":false,"forks_count":0,"mirror_url":null,"archived":false,"disabled":false,"open_issues_count":0,"license":null,"forks":0,"open_issues":0,"watchers":0,"default_branch":"master","public":true}},"public":true,"created_at":"2019-06-23T03:34:13Z"},{"id":"9874664905","type":"WatchEvent","actor":{"id":46883791,"login":"guopojia2","display_login":"guopojia2","gravatar_id":"","url":"https://api.github.com/users/guopojia2","avatar_url":"https://avatars.githubusercontent.com/u/46883791?"},"repo":{"id":185722374,"name":"8treenet/gotree","url":"https://api.github.com/repos/8treenet/gotree"},"payload":{"action":"started"},"public":true,"created_at":"2019-06-23T03:34:13Z"}]'
]]>			</failure>
			<system-out>
<![CDATA[]]>			</system-out>
			<system-err>
<![CDATA[]]>			</system-err>
		</testcase>
	</testsuite>
</testsuites>
